<?xml version="1.0" encoding="UTF-8"?>
<!-- Generated by org.testng.reporters.JUnitXMLReporter -->
<testsuite hostname="Chriss-MacBook-Pro.local" ignored="0" name="Default test" tests="30" failures="0" timestamp="2020-06-21T10:11:05 EDT" time="0.543" errors="0">
  <testcase name="@BeforeMethod initialize" time="-1.592748664942E9" classname="base.TestBase">
    <failure type="org.testng.TestNGException" message="
Parameter &amp;apos;browser&amp;apos; is required by BeforeMethod on method initialize but has not been marked @Optional or defined
in /private/var/folders/5q/jcmjcy29617457y_x0r8ml8h0000gn/T/testng-eclipse--1569348328/testng-customsuite.xml">
      <![CDATA[org.testng.TestNGException: 
Parameter 'browser' is required by BeforeMethod on method initialize but has not been marked @Optional or defined
in /private/var/folders/5q/jcmjcy29617457y_x0r8ml8h0000gn/T/testng-eclipse--1569348328/testng-customsuite.xml
at org.testng.internal.Parameters.createParams(Parameters.java:272)
at org.testng.internal.Parameters.createParametersForMethod(Parameters.java:360)
at org.testng.internal.Parameters.createParameters(Parameters.java:704)
at org.testng.internal.Parameters.createConfigurationParameters(Parameters.java:166)
at org.testng.internal.ConfigInvoker.invokeConfigurations(ConfigInvoker.java:283)
at org.testng.internal.TestInvoker.runConfigMethods(TestInvoker.java:695)
at org.testng.internal.TestInvoker.invokeMethod(TestInvoker.java:523)
at org.testng.internal.TestInvoker.invokeTestMethod(TestInvoker.java:173)
at org.testng.internal.MethodRunner.runInSequence(MethodRunner.java:46)
at org.testng.internal.TestInvoker$MethodInvocationAgent.invoke(TestInvoker.java:816)
at org.testng.internal.TestInvoker.invokeTestMethods(TestInvoker.java:146)
at org.testng.internal.TestMethodWorker.invokeTestMethods(TestMethodWorker.java:146)
at org.testng.internal.TestMethodWorker.run(TestMethodWorker.java:128)
at java.util.ArrayList.forEach(ArrayList.java:1257)
at org.testng.TestRunner.privateRun(TestRunner.java:766)
at org.testng.TestRunner.run(TestRunner.java:587)
at org.testng.SuiteRunner.runTest(SuiteRunner.java:384)
at org.testng.SuiteRunner.runSequentially(SuiteRunner.java:378)
at org.testng.SuiteRunner.privateRun(SuiteRunner.java:337)
at org.testng.SuiteRunner.run(SuiteRunner.java:286)
at org.testng.SuiteRunnerWorker.runSuite(SuiteRunnerWorker.java:53)
at org.testng.SuiteRunnerWorker.run(SuiteRunnerWorker.java:96)
at org.testng.TestNG.runSuitesSequentially(TestNG.java:1187)
at org.testng.TestNG.runSuitesLocally(TestNG.java:1109)
at org.testng.TestNG.runSuites(TestNG.java:1039)
at org.testng.TestNG.run(TestNG.java:1007)
at org.testng.remote.AbstractRemoteTestNG.run(AbstractRemoteTestNG.java:115)
at org.testng.remote.RemoteTestNG.initAndRun(RemoteTestNG.java:251)
at org.testng.remote.RemoteTestNG.main(RemoteTestNG.java:77)
]]>
    </failure>
  </testcase> <!-- @BeforeMethod initialize -->
  <testcase name="@BeforeMethod setup" time="-1.592748664949E9" classname="Testcases.HomePageTest">
    <skipped/>
  </testcase> <!-- @BeforeMethod setup -->
  <testcase name="@AfterMethod teardown" time="-1.592748664954E9" classname="base.TestBase">
    <skipped/>
  </testcase> <!-- @AfterMethod teardown -->
  <testcase name="@BeforeMethod initialize" time="-1.592748664955E9" classname="base.TestBase">
    <skipped/>
  </testcase> <!-- @BeforeMethod initialize -->
  <testcase name="@BeforeMethod setup" time="-1.592748664956E9" classname="Testcases.HomePageTest">
    <skipped/>
  </testcase> <!-- @BeforeMethod setup -->
  <testcase name="@AfterMethod teardown" time="-1.592748664958E9" classname="base.TestBase">
    <skipped/>
  </testcase> <!-- @AfterMethod teardown -->
  <testcase name="@BeforeMethod initialize" time="-1.592748664959E9" classname="base.TestBase">
    <skipped/>
  </testcase> <!-- @BeforeMethod initialize -->
  <testcase name="@BeforeMethod setup" time="-1.59274866496E9" classname="Testcases.HomePageTest">
    <skipped/>
  </testcase> <!-- @BeforeMethod setup -->
  <testcase name="@AfterMethod teardown" time="-1.592748664963E9" classname="base.TestBase">
    <skipped/>
  </testcase> <!-- @AfterMethod teardown -->
  <testcase name="@BeforeMethod initialize" time="-1.592748664964E9" classname="base.TestBase">
    <skipped/>
  </testcase> <!-- @BeforeMethod initialize -->
  <testcase name="@BeforeMethod setup" time="-1.592748664964E9" classname="Testcases.HomePageTest">
    <skipped/>
  </testcase> <!-- @BeforeMethod setup -->
  <testcase name="@AfterMethod teardown" time="-1.592748664968E9" classname="base.TestBase">
    <skipped/>
  </testcase> <!-- @AfterMethod teardown -->
  <testcase name="@BeforeMethod initialize" time="-1.592748664969E9" classname="base.TestBase">
    <skipped/>
  </testcase> <!-- @BeforeMethod initialize -->
  <testcase name="@BeforeMethod setup" time="-1.592748664969E9" classname="Testcases.HomePageTest">
    <skipped/>
  </testcase> <!-- @BeforeMethod setup -->
  <testcase name="@AfterMethod teardown" time="-1.592748664972E9" classname="base.TestBase">
    <skipped/>
  </testcase> <!-- @AfterMethod teardown -->
  <testcase name="@BeforeMethod initialize" time="-1.592748664973E9" classname="base.TestBase">
    <skipped/>
  </testcase> <!-- @BeforeMethod initialize -->
  <testcase name="@BeforeMethod setup" time="-1.592748664974E9" classname="Testcases.HomePageTest">
    <skipped/>
  </testcase> <!-- @BeforeMethod setup -->
  <testcase name="@AfterMethod teardown" time="-1.592748664976E9" classname="base.TestBase">
    <skipped/>
  </testcase> <!-- @AfterMethod teardown -->
  <testcase name="@BeforeMethod initialize" time="-1.592748664977E9" classname="base.TestBase">
    <skipped/>
  </testcase> <!-- @BeforeMethod initialize -->
  <testcase name="@BeforeMethod setup" time="-1.592748664977E9" classname="Testcases.HomePageTest">
    <skipped/>
  </testcase> <!-- @BeforeMethod setup -->
  <testcase name="@AfterMethod teardown" time="-1.59274866498E9" classname="base.TestBase">
    <skipped/>
  </testcase> <!-- @AfterMethod teardown -->
  <testcase name="@BeforeMethod initialize" time="-1.592748664981E9" classname="base.TestBase">
    <skipped/>
  </testcase> <!-- @BeforeMethod initialize -->
  <testcase name="@BeforeMethod setup" time="-1.592748664982E9" classname="Testcases.HomePageTest">
    <skipped/>
  </testcase> <!-- @BeforeMethod setup -->
  <testcase name="@AfterMethod teardown" time="-1.592748664984E9" classname="base.TestBase">
    <skipped/>
  </testcase> <!-- @AfterMethod teardown -->
  <testcase name="@BeforeMethod initialize" time="-1.592748664985E9" classname="base.TestBase">
    <skipped/>
  </testcase> <!-- @BeforeMethod initialize -->
  <testcase name="@BeforeMethod setup" time="-1.592748664986E9" classname="Testcases.HomePageTest">
    <skipped/>
  </testcase> <!-- @BeforeMethod setup -->
  <testcase name="@AfterMethod teardown" time="-1.592748664989E9" classname="base.TestBase">
    <skipped/>
  </testcase> <!-- @AfterMethod teardown -->
  <testcase name="@BeforeMethod initialize" time="-1.592748664989E9" classname="base.TestBase">
    <skipped/>
  </testcase> <!-- @BeforeMethod initialize -->
  <testcase name="@BeforeMethod setup" time="-1.59274866499E9" classname="Testcases.HomePageTest">
    <skipped/>
  </testcase> <!-- @BeforeMethod setup -->
  <testcase name="@AfterMethod teardown" time="-1.592748664992E9" classname="base.TestBase">
    <skipped/>
  </testcase> <!-- @AfterMethod teardown -->
  <testcase name="@BeforeMethod initialize" time="-1.592748664993E9" classname="base.TestBase">
    <skipped/>
  </testcase> <!-- @BeforeMethod initialize -->
  <testcase name="@BeforeMethod setup" time="-1.592748664993E9" classname="Testcases.HomePageTest">
    <skipped/>
  </testcase> <!-- @BeforeMethod setup -->
  <testcase name="@AfterMethod teardown" time="-1.592748664995E9" classname="base.TestBase">
    <skipped/>
  </testcase> <!-- @AfterMethod teardown -->
  <testcase name="@BeforeMethod initialize" time="-1.592748664997E9" classname="base.TestBase">
    <skipped/>
  </testcase> <!-- @BeforeMethod initialize -->
  <testcase name="@BeforeMethod setup" time="-1.592748664997E9" classname="Testcases.HomePageTest">
    <skipped/>
  </testcase> <!-- @BeforeMethod setup -->
  <testcase name="@AfterMethod teardown" time="-1.592748664999E9" classname="base.TestBase">
    <skipped/>
  </testcase> <!-- @AfterMethod teardown -->
  <testcase name="@BeforeMethod initialize" time="-1.592748665E9" classname="base.TestBase">
    <skipped/>
  </testcase> <!-- @BeforeMethod initialize -->
  <testcase name="@BeforeMethod setup" time="-1.592748665E9" classname="Testcases.HomePageTest">
    <skipped/>
  </testcase> <!-- @BeforeMethod setup -->
  <testcase name="@AfterMethod teardown" time="-1.592748665005E9" classname="base.TestBase">
    <skipped/>
  </testcase> <!-- @AfterMethod teardown -->
  <testcase name="@BeforeMethod initialize" time="-1.592748665006E9" classname="base.TestBase">
    <skipped/>
  </testcase> <!-- @BeforeMethod initialize -->
  <testcase name="@BeforeMethod setup" time="-1.592748665006E9" classname="Testcases.HomePageTest">
    <skipped/>
  </testcase> <!-- @BeforeMethod setup -->
  <testcase name="@AfterMethod teardown" time="-1.592748665008E9" classname="base.TestBase">
    <skipped/>
  </testcase> <!-- @AfterMethod teardown -->
  <testcase name="@BeforeMethod initialize" time="-1.592748665008E9" classname="base.TestBase">
    <skipped/>
  </testcase> <!-- @BeforeMethod initialize -->
  <testcase name="@BeforeMethod setup" time="-1.592748665009E9" classname="Testcases.HomePageTest">
    <skipped/>
  </testcase> <!-- @BeforeMethod setup -->
  <testcase name="@AfterMethod teardown" time="-1.59274866501E9" classname="base.TestBase">
    <skipped/>
  </testcase> <!-- @AfterMethod teardown -->
  <testcase name="@BeforeMethod initialize" time="-1.592748665011E9" classname="base.TestBase">
    <skipped/>
  </testcase> <!-- @BeforeMethod initialize -->
  <testcase name="@BeforeMethod setup" time="-1.592748665012E9" classname="Testcases.HomePageTest">
    <skipped/>
  </testcase> <!-- @BeforeMethod setup -->
  <testcase name="@AfterMethod teardown" time="-1.592748665014E9" classname="base.TestBase">
    <skipped/>
  </testcase> <!-- @AfterMethod teardown -->
  <testcase name="@BeforeMethod initialize" time="-1.592748665015E9" classname="base.TestBase">
    <skipped/>
  </testcase> <!-- @BeforeMethod initialize -->
  <testcase name="@BeforeMethod setup" time="-1.592748665016E9" classname="Testcases.HomePageTest">
    <skipped/>
  </testcase> <!-- @BeforeMethod setup -->
  <testcase name="@AfterMethod teardown" time="-1.592748665017E9" classname="base.TestBase">
    <skipped/>
  </testcase> <!-- @AfterMethod teardown -->
  <testcase name="@BeforeMethod initialize" time="-1.592748665018E9" classname="base.TestBase">
    <skipped/>
  </testcase> <!-- @BeforeMethod initialize -->
  <testcase name="@BeforeMethod setup" time="-1.592748665018E9" classname="Testcases.HomePageTest">
    <skipped/>
  </testcase> <!-- @BeforeMethod setup -->
  <testcase name="@AfterMethod teardown" time="-1.59274866502E9" classname="base.TestBase">
    <skipped/>
  </testcase> <!-- @AfterMethod teardown -->
  <testcase name="@BeforeMethod initialize" time="-1.592748665021E9" classname="base.TestBase">
    <skipped/>
  </testcase> <!-- @BeforeMethod initialize -->
  <testcase name="@BeforeMethod setup" time="-1.592748665021E9" classname="Testcases.HomePageTest">
    <skipped/>
  </testcase> <!-- @BeforeMethod setup -->
  <testcase name="@AfterMethod teardown" time="-1.592748665023E9" classname="base.TestBase">
    <skipped/>
  </testcase> <!-- @AfterMethod teardown -->
  <testcase name="@BeforeMethod initialize" time="-1.592748665023E9" classname="base.TestBase">
    <skipped/>
  </testcase> <!-- @BeforeMethod initialize -->
  <testcase name="@BeforeMethod setup" time="-1.592748665024E9" classname="Testcases.HomePageTest">
    <skipped/>
  </testcase> <!-- @BeforeMethod setup -->
  <testcase name="@AfterMethod teardown" time="-1.592748665025E9" classname="base.TestBase">
    <skipped/>
  </testcase> <!-- @AfterMethod teardown -->
  <testcase name="@BeforeMethod initialize" time="-1.592748665026E9" classname="base.TestBase">
    <skipped/>
  </testcase> <!-- @BeforeMethod initialize -->
  <testcase name="@BeforeMethod setup" time="-1.592748665026E9" classname="Testcases.HomePageTest">
    <skipped/>
  </testcase> <!-- @BeforeMethod setup -->
  <testcase name="@AfterMethod teardown" time="-1.592748665027E9" classname="base.TestBase">
    <skipped/>
  </testcase> <!-- @AfterMethod teardown -->
  <testcase name="@BeforeMethod initialize" time="-1.592748665028E9" classname="base.TestBase">
    <skipped/>
  </testcase> <!-- @BeforeMethod initialize -->
  <testcase name="@BeforeMethod setup" time="-1.592748665028E9" classname="Testcases.HomePageTest">
    <skipped/>
  </testcase> <!-- @BeforeMethod setup -->
  <testcase name="@AfterMethod teardown" time="-1.59274866503E9" classname="base.TestBase">
    <skipped/>
  </testcase> <!-- @AfterMethod teardown -->
  <testcase name="@BeforeMethod initialize" time="-1.592748665031E9" classname="base.TestBase">
    <skipped/>
  </testcase> <!-- @BeforeMethod initialize -->
  <testcase name="@BeforeMethod setup" time="-1.592748665031E9" classname="Testcases.HomePageTest">
    <skipped/>
  </testcase> <!-- @BeforeMethod setup -->
  <testcase name="@AfterMethod teardown" time="-1.592748665033E9" classname="base.TestBase">
    <skipped/>
  </testcase> <!-- @AfterMethod teardown -->
  <testcase name="@BeforeMethod initialize" time="-1.592748665033E9" classname="base.TestBase">
    <skipped/>
  </testcase> <!-- @BeforeMethod initialize -->
  <testcase name="@BeforeMethod setup" time="-1.592748665034E9" classname="Testcases.HomePageTest">
    <skipped/>
  </testcase> <!-- @BeforeMethod setup -->
  <testcase name="@AfterMethod teardown" time="-1.592748665035E9" classname="base.TestBase">
    <skipped/>
  </testcase> <!-- @AfterMethod teardown -->
  <testcase name="@BeforeMethod initialize" time="-1.592748665035E9" classname="base.TestBase">
    <skipped/>
  </testcase> <!-- @BeforeMethod initialize -->
  <testcase name="@BeforeMethod setup" time="-1.592748665036E9" classname="Testcases.HomePageTest">
    <skipped/>
  </testcase> <!-- @BeforeMethod setup -->
  <testcase name="@AfterMethod teardown" time="-1.592748665037E9" classname="base.TestBase">
    <skipped/>
  </testcase> <!-- @AfterMethod teardown -->
  <testcase name="@BeforeMethod initialize" time="-1.592748665038E9" classname="base.TestBase">
    <skipped/>
  </testcase> <!-- @BeforeMethod initialize -->
  <testcase name="@BeforeMethod setup" time="-1.592748665038E9" classname="Testcases.HomePageTest">
    <skipped/>
  </testcase> <!-- @BeforeMethod setup -->
  <testcase name="@AfterMethod teardown" time="-1.59274866504E9" classname="base.TestBase">
    <skipped/>
  </testcase> <!-- @AfterMethod teardown -->
  <testcase name="@BeforeMethod initialize" time="-1.592748665041E9" classname="base.TestBase">
    <skipped/>
  </testcase> <!-- @BeforeMethod initialize -->
  <testcase name="@BeforeMethod setup" time="-1.592748665041E9" classname="Testcases.HomePageTest">
    <skipped/>
  </testcase> <!-- @BeforeMethod setup -->
  <testcase name="@AfterMethod teardown" time="-1.592748665042E9" classname="base.TestBase">
    <skipped/>
  </testcase> <!-- @AfterMethod teardown -->
  <testcase name="@BeforeMethod initialize" time="-1.592748665042E9" classname="base.TestBase">
    <skipped/>
  </testcase> <!-- @BeforeMethod initialize -->
  <testcase name="@BeforeMethod setup" time="-1.592748665043E9" classname="Testcases.HomePageTest">
    <skipped/>
  </testcase> <!-- @BeforeMethod setup -->
  <testcase name="@AfterMethod teardown" time="-1.592748665044E9" classname="base.TestBase">
    <skipped/>
  </testcase> <!-- @AfterMethod teardown -->
  <testcase name="@BeforeMethod initialize" time="-1.592748665044E9" classname="base.TestBase">
    <skipped/>
  </testcase> <!-- @BeforeMethod initialize -->
  <testcase name="@BeforeMethod setup" time="-1.592748665045E9" classname="Testcases.HomePageTest">
    <skipped/>
  </testcase> <!-- @BeforeMethod setup -->
  <testcase name="@AfterMethod teardown" time="-1.592748665046E9" classname="base.TestBase">
    <skipped/>
  </testcase> <!-- @AfterMethod teardown -->
  <testcase name="@BeforeMethod initialize" time="-1.592748665047E9" classname="base.TestBase">
    <skipped/>
  </testcase> <!-- @BeforeMethod initialize -->
  <testcase name="@BeforeMethod setup" time="-1.592748665048E9" classname="Testcases.HomePageTest">
    <skipped/>
  </testcase> <!-- @BeforeMethod setup -->
  <testcase name="@AfterMethod teardown" time="-1.592748665049E9" classname="base.TestBase">
    <skipped/>
  </testcase> <!-- @AfterMethod teardown -->
  <testcase name="checkCNCHoverOptions" time="0.0" classname="Testcases.HomePageTest">
    <skipped/>
  </testcase> <!-- checkCNCHoverOptions -->
  <testcase name="checkCNCHoverOptions" time="0.0" classname="Testcases.HomePageTest">
    <skipped/>
  </testcase> <!-- checkCNCHoverOptions -->
  <testcase name="checkCNCHoverOptions" time="0.0" classname="Testcases.HomePageTest">
    <skipped/>
  </testcase> <!-- checkCNCHoverOptions -->
  <testcase name="checkCNCHoverOptions" time="0.0" classname="Testcases.HomePageTest">
    <skipped/>
  </testcase> <!-- checkCNCHoverOptions -->
  <testcase name="checkCNCHoverOptions" time="0.0" classname="Testcases.HomePageTest">
    <skipped/>
  </testcase> <!-- checkCNCHoverOptions -->
  <testcase name="checkCNCHoverOptions" time="0.0" classname="Testcases.HomePageTest">
    <skipped/>
  </testcase> <!-- checkCNCHoverOptions -->
  <testcase name="checkCNCHoverOptions" time="0.0" classname="Testcases.HomePageTest">
    <skipped/>
  </testcase> <!-- checkCNCHoverOptions -->
  <testcase name="checkCNCHoverOptions" time="0.0" classname="Testcases.HomePageTest">
    <skipped/>
  </testcase> <!-- checkCNCHoverOptions -->
  <testcase name="checkCNCHoverOptions" time="0.0" classname="Testcases.HomePageTest">
    <skipped/>
  </testcase> <!-- checkCNCHoverOptions -->
  <testcase name="checkCNCHoverOptions" time="0.0" classname="Testcases.HomePageTest">
    <skipped/>
  </testcase> <!-- checkCNCHoverOptions -->
  <testcase name="checkCNCHoverOptions" time="0.0" classname="Testcases.HomePageTest">
    <skipped/>
  </testcase> <!-- checkCNCHoverOptions -->
  <testcase name="checkCNCHoverOptions" time="0.0" classname="Testcases.HomePageTest">
    <skipped/>
  </testcase> <!-- checkCNCHoverOptions -->
  <testcase name="checkCNCHoverOptions" time="0.0" classname="Testcases.HomePageTest">
    <skipped/>
  </testcase> <!-- checkCNCHoverOptions -->
  <testcase name="checkCNCHoverOptions" time="0.0" classname="Testcases.HomePageTest">
    <skipped/>
  </testcase> <!-- checkCNCHoverOptions -->
  <testcase name="checkCNCHoverOptions" time="0.0" classname="Testcases.HomePageTest">
    <skipped/>
  </testcase> <!-- checkCNCHoverOptions -->
  <testcase name="checkCNCHoverOptions" time="0.0" classname="Testcases.HomePageTest">
    <skipped/>
  </testcase> <!-- checkCNCHoverOptions -->
  <testcase name="checkCNCHoverOptions" time="0.0" classname="Testcases.HomePageTest">
    <skipped/>
  </testcase> <!-- checkCNCHoverOptions -->
  <testcase name="checkCNCHoverOptions" time="0.0" classname="Testcases.HomePageTest">
    <skipped/>
  </testcase> <!-- checkCNCHoverOptions -->
  <testcase name="checkCNCHoverOptions" time="0.0" classname="Testcases.HomePageTest">
    <skipped/>
  </testcase> <!-- checkCNCHoverOptions -->
  <testcase name="checkCNCHoverOptions" time="0.0" classname="Testcases.HomePageTest">
    <skipped/>
  </testcase> <!-- checkCNCHoverOptions -->
  <testcase name="checkCNCHoverOptions" time="0.0" classname="Testcases.HomePageTest">
    <skipped/>
  </testcase> <!-- checkCNCHoverOptions -->
  <testcase name="checkCNCHoverOptions" time="0.0" classname="Testcases.HomePageTest">
    <skipped/>
  </testcase> <!-- checkCNCHoverOptions -->
  <testcase name="checkCNCHoverOptions" time="0.0" classname="Testcases.HomePageTest">
    <skipped/>
  </testcase> <!-- checkCNCHoverOptions -->
  <testcase name="checkCNCHoverOptions" time="0.0" classname="Testcases.HomePageTest">
    <skipped/>
  </testcase> <!-- checkCNCHoverOptions -->
  <testcase name="checkCNCHoverOptions" time="0.0" classname="Testcases.HomePageTest">
    <skipped/>
  </testcase> <!-- checkCNCHoverOptions -->
  <testcase name="checkCNCHoverOptions" time="0.0" classname="Testcases.HomePageTest">
    <skipped/>
  </testcase> <!-- checkCNCHoverOptions -->
  <testcase name="checkCNCHoverOptions" time="0.0" classname="Testcases.HomePageTest">
    <skipped/>
  </testcase> <!-- checkCNCHoverOptions -->
  <testcase name="checkCNCHoverOptions" time="0.0" classname="Testcases.HomePageTest">
    <skipped/>
  </testcase> <!-- checkCNCHoverOptions -->
  <testcase name="checkCNCHoverOptions" time="0.0" classname="Testcases.HomePageTest">
    <skipped/>
  </testcase> <!-- checkCNCHoverOptions -->
  <testcase name="getHomePageLinks" time="0.0" classname="Testcases.HomePageTest">
    <skipped/>
  </testcase> <!-- getHomePageLinks -->
</testsuite> <!-- Default test -->
