<?xml version="1.0" encoding="UTF-8"?>
<!-- Generated by org.testng.reporters.JUnitXMLReporter -->
<testsuite hostname="Chriss-MacBook-Pro.local" ignored="0"
	name="Default test" tests="32" failures="0"
	timestamp="2020-06-29T12:11:07 EDT" time="0.731" errors="0">
	<testcase name="@BeforeMethod initialize"
		time="-1.593447066439E9" classname="base.TestBase">
		<failure type="org.testng.TestNGException"
			message="
Parameter &amp;apos;url&amp;apos; is required by BeforeMethod on method initialize but has not been marked @Optional or defined
in /private/var/folders/5q/jcmjcy29617457y_x0r8ml8h0000gn/T/testng-eclipse-734906512/testng-customsuite.xml">
      <![CDATA[org.testng.TestNGException: 
Parameter 'url' is required by BeforeMethod on method initialize but has not been marked @Optional or defined
in /private/var/folders/5q/jcmjcy29617457y_x0r8ml8h0000gn/T/testng-eclipse-734906512/testng-customsuite.xml
at org.testng.internal.Parameters.createParams(Parameters.java:289)
at org.testng.internal.Parameters.createParametersForMethod(Parameters.java:377)
at org.testng.internal.Parameters.createParameters(Parameters.java:721)
at org.testng.internal.Parameters.createConfigurationParameters(Parameters.java:164)
at org.testng.internal.ConfigInvoker.invokeConfigurations(ConfigInvoker.java:275)
at org.testng.internal.TestInvoker.runConfigMethods(TestInvoker.java:683)
at org.testng.internal.TestInvoker.invokeMethod(TestInvoker.java:510)
at org.testng.internal.TestInvoker.invokeTestMethod(TestInvoker.java:172)
at org.testng.internal.MethodRunner.runInSequence(MethodRunner.java:46)
at org.testng.internal.TestInvoker$MethodInvocationAgent.invoke(TestInvoker.java:804)
at org.testng.internal.TestInvoker.invokeTestMethods(TestInvoker.java:145)
at org.testng.internal.TestMethodWorker.invokeTestMethods(TestMethodWorker.java:146)
at org.testng.internal.TestMethodWorker.run(TestMethodWorker.java:128)
at java.util.ArrayList.forEach(ArrayList.java:1257)
at org.testng.TestRunner.privateRun(TestRunner.java:770)
at org.testng.TestRunner.run(TestRunner.java:591)
at org.testng.SuiteRunner.runTest(SuiteRunner.java:402)
at org.testng.SuiteRunner.runSequentially(SuiteRunner.java:396)
at org.testng.SuiteRunner.privateRun(SuiteRunner.java:355)
at org.testng.SuiteRunner.run(SuiteRunner.java:304)
at org.testng.SuiteRunnerWorker.runSuite(SuiteRunnerWorker.java:53)
at org.testng.SuiteRunnerWorker.run(SuiteRunnerWorker.java:96)
at org.testng.TestNG.runSuitesSequentially(TestNG.java:1180)
at org.testng.TestNG.runSuitesLocally(TestNG.java:1102)
at org.testng.TestNG.runSuites(TestNG.java:1032)
at org.testng.TestNG.run(TestNG.java:1000)
at org.testng.remote.AbstractRemoteTestNG.run(AbstractRemoteTestNG.java:115)
at org.testng.remote.RemoteTestNG.initAndRun(RemoteTestNG.java:251)
at org.testng.remote.RemoteTestNG.main(RemoteTestNG.java:77)
]]>
		</failure>
	</testcase> <!-- @BeforeMethod initialize -->
	<testcase name="@BeforeMethod setup" time="-1.593447066447E9"
		classname="Testcases.HomePageTest">
		<skipped />
	</testcase> <!-- @BeforeMethod setup -->
	<testcase name="@AfterMethod teardown"
		time="-1.593447066454E9" classname="base.TestBase">
		<skipped />
	</testcase> <!-- @AfterMethod teardown -->
	<testcase name="@BeforeMethod initialize"
		time="-1.593447066457E9" classname="base.TestBase">
		<skipped />
	</testcase> <!-- @BeforeMethod initialize -->
	<testcase name="@BeforeMethod setup" time="-1.593447066458E9"
		classname="Testcases.HomePageTest">
		<skipped />
	</testcase> <!-- @BeforeMethod setup -->
	<testcase name="@AfterMethod teardown" time="-1.59344706646E9"
		classname="base.TestBase">
		<skipped />
	</testcase> <!-- @AfterMethod teardown -->
	<testcase name="@BeforeMethod initialize"
		time="-1.593447066461E9" classname="base.TestBase">
		<skipped />
	</testcase> <!-- @BeforeMethod initialize -->
	<testcase name="@BeforeMethod setup" time="-1.593447066462E9"
		classname="Testcases.HomePageTest">
		<skipped />
	</testcase> <!-- @BeforeMethod setup -->
	<testcase name="@AfterMethod teardown"
		time="-1.593447066464E9" classname="base.TestBase">
		<skipped />
	</testcase> <!-- @AfterMethod teardown -->
	<testcase name="@BeforeMethod initialize"
		time="-1.593447067057E9" classname="base.TestBase">
		<skipped />
	</testcase> <!-- @BeforeMethod initialize -->
	<testcase name="@BeforeMethod setup" time="-1.593447067057E9"
		classname="Testcases.HomePageTest">
		<skipped />
	</testcase> <!-- @BeforeMethod setup -->
	<testcase name="@AfterMethod teardown"
		time="-1.593447067059E9" classname="base.TestBase">
		<skipped />
	</testcase> <!-- @AfterMethod teardown -->
	<testcase name="@BeforeMethod initialize"
		time="-1.59344706706E9" classname="base.TestBase">
		<skipped />
	</testcase> <!-- @BeforeMethod initialize -->
	<testcase name="@BeforeMethod setup" time="-1.593447067061E9"
		classname="Testcases.HomePageTest">
		<skipped />
	</testcase> <!-- @BeforeMethod setup -->
	<testcase name="@AfterMethod teardown"
		time="-1.593447067063E9" classname="base.TestBase">
		<skipped />
	</testcase> <!-- @AfterMethod teardown -->
	<testcase name="@BeforeMethod initialize"
		time="-1.593447067065E9" classname="base.TestBase">
		<skipped />
	</testcase> <!-- @BeforeMethod initialize -->
	<testcase name="@BeforeMethod setup" time="-1.593447067065E9"
		classname="Testcases.HomePageTest">
		<skipped />
	</testcase> <!-- @BeforeMethod setup -->
	<testcase name="@AfterMethod teardown"
		time="-1.593447067068E9" classname="base.TestBase">
		<skipped />
	</testcase> <!-- @AfterMethod teardown -->
	<testcase name="@BeforeMethod initialize"
		time="-1.593447067068E9" classname="base.TestBase">
		<skipped />
	</testcase> <!-- @BeforeMethod initialize -->
	<testcase name="@BeforeMethod setup" time="-1.593447067069E9"
		classname="Testcases.HomePageTest">
		<skipped />
	</testcase> <!-- @BeforeMethod setup -->
	<testcase name="@AfterMethod teardown"
		time="-1.593447067071E9" classname="base.TestBase">
		<skipped />
	</testcase> <!-- @AfterMethod teardown -->
	<testcase name="@BeforeMethod initialize"
		time="-1.593447067071E9" classname="base.TestBase">
		<skipped />
	</testcase> <!-- @BeforeMethod initialize -->
	<testcase name="@BeforeMethod setup" time="-1.593447067072E9"
		classname="Testcases.HomePageTest">
		<skipped />
	</testcase> <!-- @BeforeMethod setup -->
	<testcase name="@AfterMethod teardown"
		time="-1.593447067074E9" classname="base.TestBase">
		<skipped />
	</testcase> <!-- @AfterMethod teardown -->
	<testcase name="@BeforeMethod initialize"
		time="-1.593447067075E9" classname="base.TestBase">
		<skipped />
	</testcase> <!-- @BeforeMethod initialize -->
	<testcase name="@BeforeMethod setup" time="-1.593447067075E9"
		classname="Testcases.HomePageTest">
		<skipped />
	</testcase> <!-- @BeforeMethod setup -->
	<testcase name="@AfterMethod teardown"
		time="-1.593447067078E9" classname="base.TestBase">
		<skipped />
	</testcase> <!-- @AfterMethod teardown -->
	<testcase name="@BeforeMethod initialize"
		time="-1.593447067079E9" classname="base.TestBase">
		<skipped />
	</testcase> <!-- @BeforeMethod initialize -->
	<testcase name="@BeforeMethod setup" time="-1.593447067079E9"
		classname="Testcases.HomePageTest">
		<skipped />
	</testcase> <!-- @BeforeMethod setup -->
	<testcase name="@AfterMethod teardown"
		time="-1.593447067082E9" classname="base.TestBase">
		<skipped />
	</testcase> <!-- @AfterMethod teardown -->
	<testcase name="@BeforeMethod initialize"
		time="-1.593447067083E9" classname="base.TestBase">
		<skipped />
	</testcase> <!-- @BeforeMethod initialize -->
	<testcase name="@BeforeMethod setup" time="-1.593447067084E9"
		classname="Testcases.HomePageTest">
		<skipped />
	</testcase> <!-- @BeforeMethod setup -->
	<testcase name="@AfterMethod teardown"
		time="-1.593447067086E9" classname="base.TestBase">
		<skipped />
	</testcase> <!-- @AfterMethod teardown -->
	<testcase name="@BeforeMethod initialize"
		time="-1.593447067087E9" classname="base.TestBase">
		<skipped />
	</testcase> <!-- @BeforeMethod initialize -->
	<testcase name="@BeforeMethod setup" time="-1.593447067087E9"
		classname="Testcases.HomePageTest">
		<skipped />
	</testcase> <!-- @BeforeMethod setup -->
	<testcase name="@AfterMethod teardown"
		time="-1.593447067091E9" classname="base.TestBase">
		<skipped />
	</testcase> <!-- @AfterMethod teardown -->
	<testcase name="@BeforeMethod initialize"
		time="-1.593447067092E9" classname="base.TestBase">
		<skipped />
	</testcase> <!-- @BeforeMethod initialize -->
	<testcase name="@BeforeMethod setup" time="-1.593447067092E9"
		classname="Testcases.HomePageTest">
		<skipped />
	</testcase> <!-- @BeforeMethod setup -->
	<testcase name="@AfterMethod teardown"
		time="-1.593447067094E9" classname="base.TestBase">
		<skipped />
	</testcase> <!-- @AfterMethod teardown -->
	<testcase name="@BeforeMethod initialize"
		time="-1.593447067095E9" classname="base.TestBase">
		<skipped />
	</testcase> <!-- @BeforeMethod initialize -->
	<testcase name="@BeforeMethod setup" time="-1.593447067095E9"
		classname="Testcases.HomePageTest">
		<skipped />
	</testcase> <!-- @BeforeMethod setup -->
	<testcase name="@AfterMethod teardown"
		time="-1.593447067097E9" classname="base.TestBase">
		<skipped />
	</testcase> <!-- @AfterMethod teardown -->
	<testcase name="@BeforeMethod initialize"
		time="-1.593447067098E9" classname="base.TestBase">
		<skipped />
	</testcase> <!-- @BeforeMethod initialize -->
	<testcase name="@BeforeMethod setup" time="-1.593447067098E9"
		classname="Testcases.HomePageTest">
		<skipped />
	</testcase> <!-- @BeforeMethod setup -->
	<testcase name="@AfterMethod teardown" time="-1.5934470671E9"
		classname="base.TestBase">
		<skipped />
	</testcase> <!-- @AfterMethod teardown -->
	<testcase name="@BeforeMethod initialize"
		time="-1.593447067101E9" classname="base.TestBase">
		<skipped />
	</testcase> <!-- @BeforeMethod initialize -->
	<testcase name="@BeforeMethod setup" time="-1.593447067101E9"
		classname="Testcases.HomePageTest">
		<skipped />
	</testcase> <!-- @BeforeMethod setup -->
	<testcase name="@AfterMethod teardown"
		time="-1.593447067103E9" classname="base.TestBase">
		<skipped />
	</testcase> <!-- @AfterMethod teardown -->
	<testcase name="@BeforeMethod initialize"
		time="-1.593447067104E9" classname="base.TestBase">
		<skipped />
	</testcase> <!-- @BeforeMethod initialize -->
	<testcase name="@BeforeMethod setup" time="-1.593447067104E9"
		classname="Testcases.HomePageTest">
		<skipped />
	</testcase> <!-- @BeforeMethod setup -->
	<testcase name="@AfterMethod teardown"
		time="-1.593447067106E9" classname="base.TestBase">
		<skipped />
	</testcase> <!-- @AfterMethod teardown -->
	<testcase name="@BeforeMethod initialize"
		time="-1.593447067107E9" classname="base.TestBase">
		<skipped />
	</testcase> <!-- @BeforeMethod initialize -->
	<testcase name="@BeforeMethod setup" time="-1.593447067107E9"
		classname="Testcases.HomePageTest">
		<skipped />
	</testcase> <!-- @BeforeMethod setup -->
	<testcase name="@AfterMethod teardown"
		time="-1.593447067109E9" classname="base.TestBase">
		<skipped />
	</testcase> <!-- @AfterMethod teardown -->
	<testcase name="@BeforeMethod initialize"
		time="-1.59344706711E9" classname="base.TestBase">
		<skipped />
	</testcase> <!-- @BeforeMethod initialize -->
	<testcase name="@BeforeMethod setup" time="-1.59344706711E9"
		classname="Testcases.HomePageTest">
		<skipped />
	</testcase> <!-- @BeforeMethod setup -->
	<testcase name="@AfterMethod teardown"
		time="-1.593447067112E9" classname="base.TestBase">
		<skipped />
	</testcase> <!-- @AfterMethod teardown -->
	<testcase name="@BeforeMethod initialize"
		time="-1.593447067113E9" classname="base.TestBase">
		<skipped />
	</testcase> <!-- @BeforeMethod initialize -->
	<testcase name="@BeforeMethod setup" time="-1.593447067113E9"
		classname="Testcases.HomePageTest">
		<skipped />
	</testcase> <!-- @BeforeMethod setup -->
	<testcase name="@AfterMethod teardown"
		time="-1.593447067115E9" classname="base.TestBase">
		<skipped />
	</testcase> <!-- @AfterMethod teardown -->
	<testcase name="@BeforeMethod initialize"
		time="-1.593447067116E9" classname="base.TestBase">
		<skipped />
	</testcase> <!-- @BeforeMethod initialize -->
	<testcase name="@BeforeMethod setup" time="-1.593447067116E9"
		classname="Testcases.HomePageTest">
		<skipped />
	</testcase> <!-- @BeforeMethod setup -->
	<testcase name="@AfterMethod teardown"
		time="-1.593447067118E9" classname="base.TestBase">
		<skipped />
	</testcase> <!-- @AfterMethod teardown -->
	<testcase name="@BeforeMethod initialize"
		time="-1.593447067118E9" classname="base.TestBase">
		<skipped />
	</testcase> <!-- @BeforeMethod initialize -->
	<testcase name="@BeforeMethod setup" time="-1.593447067119E9"
		classname="Testcases.HomePageTest">
		<skipped />
	</testcase> <!-- @BeforeMethod setup -->
	<testcase name="@AfterMethod teardown" time="-1.59344706712E9"
		classname="base.TestBase">
		<skipped />
	</testcase> <!-- @AfterMethod teardown -->
	<testcase name="@BeforeMethod initialize"
		time="-1.59344706712E9" classname="base.TestBase">
		<skipped />
	</testcase> <!-- @BeforeMethod initialize -->
	<testcase name="@BeforeMethod setup" time="-1.593447067121E9"
		classname="Testcases.HomePageTest">
		<skipped />
	</testcase> <!-- @BeforeMethod setup -->
	<testcase name="@AfterMethod teardown"
		time="-1.593447067122E9" classname="base.TestBase">
		<skipped />
	</testcase> <!-- @AfterMethod teardown -->
	<testcase name="@BeforeMethod initialize"
		time="-1.593447067123E9" classname="base.TestBase">
		<skipped />
	</testcase> <!-- @BeforeMethod initialize -->
	<testcase name="@BeforeMethod setup" time="-1.593447067123E9"
		classname="Testcases.HomePageTest">
		<skipped />
	</testcase> <!-- @BeforeMethod setup -->
	<testcase name="@AfterMethod teardown"
		time="-1.593447067125E9" classname="base.TestBase">
		<skipped />
	</testcase> <!-- @AfterMethod teardown -->
	<testcase name="@BeforeMethod initialize"
		time="-1.593447067125E9" classname="base.TestBase">
		<skipped />
	</testcase> <!-- @BeforeMethod initialize -->
	<testcase name="@BeforeMethod setup" time="-1.593447067126E9"
		classname="Testcases.HomePageTest">
		<skipped />
	</testcase> <!-- @BeforeMethod setup -->
	<testcase name="@AfterMethod teardown"
		time="-1.593447067127E9" classname="base.TestBase">
		<skipped />
	</testcase> <!-- @AfterMethod teardown -->
	<testcase name="@BeforeMethod initialize"
		time="-1.593447067128E9" classname="base.TestBase">
		<skipped />
	</testcase> <!-- @BeforeMethod initialize -->
	<testcase name="@BeforeMethod setup" time="-1.593447067128E9"
		classname="Testcases.HomePageTest">
		<skipped />
	</testcase> <!-- @BeforeMethod setup -->
	<testcase name="@AfterMethod teardown" time="-1.59344706713E9"
		classname="base.TestBase">
		<skipped />
	</testcase> <!-- @AfterMethod teardown -->
	<testcase name="@BeforeMethod initialize"
		time="-1.593447067131E9" classname="base.TestBase">
		<skipped />
	</testcase> <!-- @BeforeMethod initialize -->
	<testcase name="@BeforeMethod setup" time="-1.593447067132E9"
		classname="Testcases.HomePageTest">
		<skipped />
	</testcase> <!-- @BeforeMethod setup -->
	<testcase name="@AfterMethod teardown"
		time="-1.593447067133E9" classname="base.TestBase">
		<skipped />
	</testcase> <!-- @AfterMethod teardown -->
	<testcase name="@BeforeMethod initialize"
		time="-1.593447067134E9" classname="base.TestBase">
		<skipped />
	</testcase> <!-- @BeforeMethod initialize -->
	<testcase name="@BeforeMethod setup" time="-1.593447067135E9"
		classname="Testcases.HomePageTest">
		<skipped />
	</testcase> <!-- @BeforeMethod setup -->
	<testcase name="@AfterMethod teardown"
		time="-1.593447067136E9" classname="base.TestBase">
		<skipped />
	</testcase> <!-- @AfterMethod teardown -->
	<testcase name="@BeforeMethod initialize"
		time="-1.593447067137E9" classname="base.TestBase">
		<skipped />
	</testcase> <!-- @BeforeMethod initialize -->
	<testcase name="@BeforeMethod setup" time="-1.593447067137E9"
		classname="Testcases.HomePageTest">
		<skipped />
	</testcase> <!-- @BeforeMethod setup -->
	<testcase name="@AfterMethod teardown"
		time="-1.593447067139E9" classname="base.TestBase">
		<skipped />
	</testcase> <!-- @AfterMethod teardown -->
	<testcase name="@BeforeMethod initialize"
		time="-1.59344706714E9" classname="base.TestBase">
		<skipped />
	</testcase> <!-- @BeforeMethod initialize -->
	<testcase name="@BeforeMethod setup" time="-1.59344706714E9"
		classname="Testcases.HomePageTest">
		<skipped />
	</testcase> <!-- @BeforeMethod setup -->
	<testcase name="@AfterMethod teardown"
		time="-1.593447067142E9" classname="base.TestBase">
		<skipped />
	</testcase> <!-- @AfterMethod teardown -->
	<testcase name="@BeforeMethod initialize"
		time="-1.593447067143E9" classname="base.TestBase">
		<skipped />
	</testcase> <!-- @BeforeMethod initialize -->
	<testcase name="@BeforeMethod setup" time="-1.593447067143E9"
		classname="Testcases.HomePageTest">
		<skipped />
	</testcase> <!-- @BeforeMethod setup -->
	<testcase name="@AfterMethod teardown"
		time="-1.593447067145E9" classname="base.TestBase">
		<skipped />
	</testcase> <!-- @AfterMethod teardown -->
	<testcase name="@BeforeMethod initialize"
		time="-1.593447067145E9" classname="base.TestBase">
		<skipped />
	</testcase> <!-- @BeforeMethod initialize -->
	<testcase name="@BeforeMethod setup" time="-1.593447067146E9"
		classname="Testcases.HomePageTest">
		<skipped />
	</testcase> <!-- @BeforeMethod setup -->
	<testcase name="@AfterMethod teardown"
		time="-1.593447067147E9" classname="base.TestBase">
		<skipped />
	</testcase> <!-- @AfterMethod teardown -->
	<testcase name="getHomePageLinksAmount" time="0.0"
		classname="Testcases.HomePageTest">
		<skipped />
	</testcase> <!-- getHomePageLinksAmount -->
	<testcase name="verifySmallBusinessPayrollOption" time="0.0"
		classname="Testcases.HomePageTest">
		<skipped />
	</testcase> <!-- verifySmallBusinessPayrollOption -->
	<testcase name="verifySignOnMenuOpens" time="0.0"
		classname="Testcases.HomePageTest">
		<skipped />
	</testcase> <!-- verifySignOnMenuOpens -->
	<testcase name="checkCNCHoverOptionsWithDP" time="0.0"
		classname="Testcases.HomePageTest">
		<skipped />
	</testcase> <!-- checkCNCHoverOptionsWithDP -->
	<testcase name="checkCNCHoverOptionsWithDP" time="0.0"
		classname="Testcases.HomePageTest">
		<skipped />
	</testcase> <!-- checkCNCHoverOptionsWithDP -->
	<testcase name="checkCNCHoverOptionsWithDP" time="0.0"
		classname="Testcases.HomePageTest">
		<skipped />
	</testcase> <!-- checkCNCHoverOptionsWithDP -->
	<testcase name="checkCNCHoverOptionsWithDP" time="0.0"
		classname="Testcases.HomePageTest">
		<skipped />
	</testcase> <!-- checkCNCHoverOptionsWithDP -->
	<testcase name="checkCNCHoverOptionsWithDP" time="0.0"
		classname="Testcases.HomePageTest">
		<skipped />
	</testcase> <!-- checkCNCHoverOptionsWithDP -->
	<testcase name="checkCNCHoverOptionsWithDP" time="0.0"
		classname="Testcases.HomePageTest">
		<skipped />
	</testcase> <!-- checkCNCHoverOptionsWithDP -->
	<testcase name="checkCNCHoverOptionsWithDP" time="0.0"
		classname="Testcases.HomePageTest">
		<skipped />
	</testcase> <!-- checkCNCHoverOptionsWithDP -->
	<testcase name="checkCNCHoverOptionsWithDP" time="0.0"
		classname="Testcases.HomePageTest">
		<skipped />
	</testcase> <!-- checkCNCHoverOptionsWithDP -->
	<testcase name="checkCNCHoverOptionsWithDP" time="0.0"
		classname="Testcases.HomePageTest">
		<skipped />
	</testcase> <!-- checkCNCHoverOptionsWithDP -->
	<testcase name="checkCNCHoverOptionsWithDP" time="0.0"
		classname="Testcases.HomePageTest">
		<skipped />
	</testcase> <!-- checkCNCHoverOptionsWithDP -->
	<testcase name="checkCNCHoverOptionsWithDP" time="0.0"
		classname="Testcases.HomePageTest">
		<skipped />
	</testcase> <!-- checkCNCHoverOptionsWithDP -->
	<testcase name="checkCNCHoverOptionsWithDP" time="0.0"
		classname="Testcases.HomePageTest">
		<skipped />
	</testcase> <!-- checkCNCHoverOptionsWithDP -->
	<testcase name="checkCNCHoverOptionsWithDP" time="0.0"
		classname="Testcases.HomePageTest">
		<skipped />
	</testcase> <!-- checkCNCHoverOptionsWithDP -->
	<testcase name="checkCNCHoverOptionsWithDP" time="0.0"
		classname="Testcases.HomePageTest">
		<skipped />
	</testcase> <!-- checkCNCHoverOptionsWithDP -->
	<testcase name="checkCNCHoverOptionsWithDP" time="0.0"
		classname="Testcases.HomePageTest">
		<skipped />
	</testcase> <!-- checkCNCHoverOptionsWithDP -->
	<testcase name="checkCNCHoverOptionsWithDP" time="0.0"
		classname="Testcases.HomePageTest">
		<skipped />
	</testcase> <!-- checkCNCHoverOptionsWithDP -->
	<testcase name="checkCNCHoverOptionsWithDP" time="0.0"
		classname="Testcases.HomePageTest">
		<skipped />
	</testcase> <!-- checkCNCHoverOptionsWithDP -->
	<testcase name="checkCNCHoverOptionsWithDP" time="0.0"
		classname="Testcases.HomePageTest">
		<skipped />
	</testcase> <!-- checkCNCHoverOptionsWithDP -->
	<testcase name="checkCNCHoverOptionsWithDP" time="0.0"
		classname="Testcases.HomePageTest">
		<skipped />
	</testcase> <!-- checkCNCHoverOptionsWithDP -->
	<testcase name="checkCNCHoverOptionsWithDP" time="0.0"
		classname="Testcases.HomePageTest">
		<skipped />
	</testcase> <!-- checkCNCHoverOptionsWithDP -->
	<testcase name="checkCNCHoverOptionsWithDP" time="0.0"
		classname="Testcases.HomePageTest">
		<skipped />
	</testcase> <!-- checkCNCHoverOptionsWithDP -->
	<testcase name="checkCNCHoverOptionsWithDP" time="0.0"
		classname="Testcases.HomePageTest">
		<skipped />
	</testcase> <!-- checkCNCHoverOptionsWithDP -->
	<testcase name="checkCNCHoverOptionsWithDP" time="0.0"
		classname="Testcases.HomePageTest">
		<skipped />
	</testcase> <!-- checkCNCHoverOptionsWithDP -->
	<testcase name="checkCNCHoverOptionsWithDP" time="0.0"
		classname="Testcases.HomePageTest">
		<skipped />
	</testcase> <!-- checkCNCHoverOptionsWithDP -->
	<testcase name="checkCNCHoverOptionsWithDP" time="0.0"
		classname="Testcases.HomePageTest">
		<skipped />
	</testcase> <!-- checkCNCHoverOptionsWithDP -->
	<testcase name="checkCNCHoverOptionsWithDP" time="0.0"
		classname="Testcases.HomePageTest">
		<skipped />
	</testcase> <!-- checkCNCHoverOptionsWithDP -->
	<testcase name="checkCNCHoverOptionsWithDP" time="0.0"
		classname="Testcases.HomePageTest">
		<skipped />
	</testcase> <!-- checkCNCHoverOptionsWithDP -->
	<testcase name="checkCNCHoverOptionsWithDP" time="0.0"
		classname="Testcases.HomePageTest">
		<skipped />
	</testcase> <!-- checkCNCHoverOptionsWithDP -->
	<testcase name="checkCNCHoverOptionsWithDP" time="0.0"
		classname="Testcases.HomePageTest">
		<skipped />
	</testcase> <!-- checkCNCHoverOptionsWithDP -->
</testsuite> <!-- Default test -->
