<?xml version="1.0" encoding="UTF-8"?>
<!-- Generated by org.testng.reporters.JUnitXMLReporter -->
<testsuite hostname="Chriss-MacBook-Pro.local" ignored="2" name="Regression Test chrome" tests="5" failures="0" timestamp="2020-07-06T08:24:45 EDT" time="44.279" errors="0">
  <testcase name="getHomePageLinksAmountTest" time="0.267" classname="Testcases.HomePageTest"/>
  <testcase name="verifySignOnMenuOpensTest" time="0.88" classname="Testcases.HomePageTest"/>
  <testcase name="verifySmallBusiness_CCOptionTitleTest" time="4.608" classname="Testcases.HomePageTest"/>
  <testcase name="verifySmallBusiness_CashMngmntOptionTitleTest" time="7.343" classname="Testcases.HomePageTest"/>
  <testcase name="verifySmallBusiness_PayrollOptionTitleTest" time="7.495" classname="Testcases.HomePageTest"/>
  <testcase name="checkCNCHoverByOptionsTest" time="0.0" classname="Testcases.HomePageTest">
    <ignored/>
  </testcase> <!-- checkCNCHoverByOptionsTest -->
  <testcase name="checkCNCHoverOptionsWithDPTest" time="0.0" classname="Testcases.HomePageTest">
    <ignored/>
  </testcase> <!-- checkCNCHoverOptionsWithDPTest -->
</testsuite> <!-- Regression Test chrome -->
