<?xml version="1.0" encoding="UTF-8"?>
<!-- Generated by org.testng.reporters.JUnitXMLReporter -->
<testsuite hostname="Chriss-MacBook-Pro.local" ignored="2" name="Regression Test chrome" tests="7" failures="0" timestamp="2020-07-05T22:14:33 EDT" time="105.721" errors="0">
  <testcase name="getHomePageLinksAmountTest" time="0.195" classname="Testcases.HomePageTest"/>
  <testcase name="verifySignOnMenuOpensTest" time="0.707" classname="Testcases.HomePageTest"/>
  <testcase name="verifySmallBusiness_CCOptionTitleTest" time="4.768" classname="Testcases.HomePageTest"/>
  <testcase name="verifySmallBusiness_CashMngmntOptionTitleTest" time="4.271" classname="Testcases.HomePageTest"/>
  <testcase name="verifySmallBusiness_PayrollOptionTitleTest" time="31.88" classname="Testcases.HomePageTest">
    <skipped/>
  </testcase> <!-- verifySmallBusiness_PayrollOptionTitleTest -->
  <testcase name="verifySmallBusiness_PayrollOptionTitleTest" time="21.032" classname="Testcases.HomePageTest">
    <skipped/>
  </testcase> <!-- verifySmallBusiness_PayrollOptionTitleTest -->
  <testcase name="verifySmallBusiness_PayrollOptionTitleTest" time="5.556" classname="Testcases.HomePageTest"/>
  <testcase name="checkCNCHoverByOptionsTest" time="0.0" classname="Testcases.HomePageTest">
    <ignored/>
  </testcase> <!-- checkCNCHoverByOptionsTest -->
  <testcase name="checkCNCHoverOptionsWithDPTest" time="0.0" classname="Testcases.HomePageTest">
    <ignored/>
  </testcase> <!-- checkCNCHoverOptionsWithDPTest -->
</testsuite> <!-- Regression Test chrome -->
