<?xml version="1.0" encoding="UTF-8"?>
<testng-results skipped="0" failed="0" ignored="2" total="7" passed="5">
  <reporter-output>
  </reporter-output>
  <suite name="Regression Suite" duration-ms="44279" started-at="2020-07-06T08:24:01 EDT" finished-at="2020-07-06T08:24:45 EDT">
    <groups>
      <group name="home">
        <method signature="HomePageTest.getHomePageLinksAmountTest()[pri:0, instance:Testcases.HomePageTest@7403c468]" name="getHomePageLinksAmountTest" class="Testcases.HomePageTest"/>
      </group> <!-- home -->
    </groups>
    <test name="Regression Test chrome" duration-ms="44279" started-at="2020-07-06T08:24:01 EDT" finished-at="2020-07-06T08:24:45 EDT">
      <class name="Testcases.HomePageTest">
        <test-method status="PASS" signature="initialize(java.lang.String, java.lang.String)[pri:0, instance:Testcases.HomePageTest@7403c468]" name="initialize" is-config="true" duration-ms="6042" started-at="2020-07-06T08:24:01 EDT" finished-at="2020-07-06T08:24:07 EDT">
          <params>
            <param index="0">
              <value>
                <![CDATA[chrome]]>
              </value>
            </param>
            <param index="1">
              <value>
                <![CDATA[https://www.suntrust.com/]]>
              </value>
            </param>
          </params>
          <reporter-output>
          </reporter-output>
        </test-method> <!-- initialize -->
        <test-method status="PASS" signature="setup()[pri:0, instance:Testcases.HomePageTest@7403c468]" name="setup" is-config="true" duration-ms="22" started-at="2020-07-06T08:24:07 EDT" finished-at="2020-07-06T08:24:07 EDT">
          <reporter-output>
          </reporter-output>
        </test-method> <!-- setup -->
        <test-method status="PASS" signature="getHomePageLinksAmountTest()[pri:0, instance:Testcases.HomePageTest@7403c468]" name="getHomePageLinksAmountTest" duration-ms="267" started-at="2020-07-06T08:24:07 EDT" finished-at="2020-07-06T08:24:07 EDT">
          <reporter-output>
          </reporter-output>
        </test-method> <!-- getHomePageLinksAmountTest -->
        <test-method status="PASS" signature="teardown()[pri:0, instance:Testcases.HomePageTest@7403c468]" name="teardown" is-config="true" duration-ms="136" started-at="2020-07-06T08:24:07 EDT" finished-at="2020-07-06T08:24:07 EDT">
          <reporter-output>
          </reporter-output>
        </test-method> <!-- teardown -->
        <test-method status="PASS" signature="initialize(java.lang.String, java.lang.String)[pri:0, instance:Testcases.HomePageTest@7403c468]" name="initialize" is-config="true" duration-ms="3154" started-at="2020-07-06T08:24:07 EDT" finished-at="2020-07-06T08:24:11 EDT">
          <params>
            <param index="0">
              <value>
                <![CDATA[chrome]]>
              </value>
            </param>
            <param index="1">
              <value>
                <![CDATA[https://www.suntrust.com/]]>
              </value>
            </param>
          </params>
          <reporter-output>
          </reporter-output>
        </test-method> <!-- initialize -->
        <test-method status="PASS" signature="setup()[pri:0, instance:Testcases.HomePageTest@7403c468]" name="setup" is-config="true" duration-ms="1" started-at="2020-07-06T08:24:11 EDT" finished-at="2020-07-06T08:24:11 EDT">
          <reporter-output>
          </reporter-output>
        </test-method> <!-- setup -->
        <test-method status="PASS" signature="verifySignOnMenuOpensTest()[pri:0, instance:Testcases.HomePageTest@7403c468]" name="verifySignOnMenuOpensTest" duration-ms="880" started-at="2020-07-06T08:24:11 EDT" finished-at="2020-07-06T08:24:11 EDT">
          <reporter-output>
          </reporter-output>
        </test-method> <!-- verifySignOnMenuOpensTest -->
        <test-method status="PASS" signature="teardown()[pri:0, instance:Testcases.HomePageTest@7403c468]" name="teardown" is-config="true" duration-ms="85" started-at="2020-07-06T08:24:11 EDT" finished-at="2020-07-06T08:24:11 EDT">
          <reporter-output>
          </reporter-output>
        </test-method> <!-- teardown -->
        <test-method status="PASS" signature="initialize(java.lang.String, java.lang.String)[pri:0, instance:Testcases.HomePageTest@7403c468]" name="initialize" is-config="true" duration-ms="2954" started-at="2020-07-06T08:24:11 EDT" finished-at="2020-07-06T08:24:14 EDT">
          <params>
            <param index="0">
              <value>
                <![CDATA[chrome]]>
              </value>
            </param>
            <param index="1">
              <value>
                <![CDATA[https://www.suntrust.com/]]>
              </value>
            </param>
          </params>
          <reporter-output>
          </reporter-output>
        </test-method> <!-- initialize -->
        <test-method status="PASS" signature="setup()[pri:0, instance:Testcases.HomePageTest@7403c468]" name="setup" is-config="true" duration-ms="1" started-at="2020-07-06T08:24:14 EDT" finished-at="2020-07-06T08:24:14 EDT">
          <reporter-output>
          </reporter-output>
        </test-method> <!-- setup -->
        <test-method status="PASS" signature="verifySmallBusiness_CCOptionTitleTest()[pri:0, instance:Testcases.HomePageTest@7403c468]" name="verifySmallBusiness_CCOptionTitleTest" duration-ms="4608" started-at="2020-07-06T08:24:14 EDT" finished-at="2020-07-06T08:24:19 EDT">
          <reporter-output>
          </reporter-output>
        </test-method> <!-- verifySmallBusiness_CCOptionTitleTest -->
        <test-method status="PASS" signature="teardown()[pri:0, instance:Testcases.HomePageTest@7403c468]" name="teardown" is-config="true" duration-ms="85" started-at="2020-07-06T08:24:19 EDT" finished-at="2020-07-06T08:24:19 EDT">
          <reporter-output>
          </reporter-output>
        </test-method> <!-- teardown -->
        <test-method status="PASS" signature="initialize(java.lang.String, java.lang.String)[pri:0, instance:Testcases.HomePageTest@7403c468]" name="initialize" is-config="true" duration-ms="5868" started-at="2020-07-06T08:24:19 EDT" finished-at="2020-07-06T08:24:25 EDT">
          <params>
            <param index="0">
              <value>
                <![CDATA[chrome]]>
              </value>
            </param>
            <param index="1">
              <value>
                <![CDATA[https://www.suntrust.com/]]>
              </value>
            </param>
          </params>
          <reporter-output>
          </reporter-output>
        </test-method> <!-- initialize -->
        <test-method status="PASS" signature="setup()[pri:0, instance:Testcases.HomePageTest@7403c468]" name="setup" is-config="true" duration-ms="1" started-at="2020-07-06T08:24:25 EDT" finished-at="2020-07-06T08:24:25 EDT">
          <reporter-output>
          </reporter-output>
        </test-method> <!-- setup -->
        <test-method status="PASS" signature="verifySmallBusiness_CashMngmntOptionTitleTest()[pri:0, instance:Testcases.HomePageTest@7403c468]" name="verifySmallBusiness_CashMngmntOptionTitleTest" duration-ms="7343" started-at="2020-07-06T08:24:25 EDT" finished-at="2020-07-06T08:24:32 EDT">
          <reporter-output>
          </reporter-output>
        </test-method> <!-- verifySmallBusiness_CashMngmntOptionTitleTest -->
        <test-method status="PASS" signature="teardown()[pri:0, instance:Testcases.HomePageTest@7403c468]" name="teardown" is-config="true" duration-ms="98" started-at="2020-07-06T08:24:32 EDT" finished-at="2020-07-06T08:24:32 EDT">
          <reporter-output>
          </reporter-output>
        </test-method> <!-- teardown -->
        <test-method status="PASS" signature="initialize(java.lang.String, java.lang.String)[pri:0, instance:Testcases.HomePageTest@7403c468]" name="initialize" is-config="true" duration-ms="5101" started-at="2020-07-06T08:24:32 EDT" finished-at="2020-07-06T08:24:38 EDT">
          <params>
            <param index="0">
              <value>
                <![CDATA[chrome]]>
              </value>
            </param>
            <param index="1">
              <value>
                <![CDATA[https://www.suntrust.com/]]>
              </value>
            </param>
          </params>
          <reporter-output>
          </reporter-output>
        </test-method> <!-- initialize -->
        <test-method status="PASS" signature="setup()[pri:0, instance:Testcases.HomePageTest@7403c468]" name="setup" is-config="true" duration-ms="1" started-at="2020-07-06T08:24:38 EDT" finished-at="2020-07-06T08:24:38 EDT">
          <reporter-output>
          </reporter-output>
        </test-method> <!-- setup -->
        <test-method status="PASS" signature="verifySmallBusiness_PayrollOptionTitleTest()[pri:0, instance:Testcases.HomePageTest@7403c468]" name="verifySmallBusiness_PayrollOptionTitleTest" duration-ms="7495" started-at="2020-07-06T08:24:38 EDT" finished-at="2020-07-06T08:24:45 EDT">
          <reporter-output>
          </reporter-output>
        </test-method> <!-- verifySmallBusiness_PayrollOptionTitleTest -->
        <test-method status="PASS" signature="teardown()[pri:0, instance:Testcases.HomePageTest@7403c468]" name="teardown" is-config="true" duration-ms="101" started-at="2020-07-06T08:24:45 EDT" finished-at="2020-07-06T08:24:45 EDT">
          <reporter-output>
          </reporter-output>
        </test-method> <!-- teardown -->
      </class> <!-- Testcases.HomePageTest -->
    </test> <!-- Regression Test chrome -->
  </suite> <!-- Regression Suite -->
</testng-results>
