<?xml version="1.0" encoding="UTF-8"?>
<testng-results skipped="0" failed="3" ignored="2" total="31" passed="26">
  <reporter-output>
  </reporter-output>
  <suite name="Regression Suite" duration-ms="350394" started-at="2020-06-21T17:29:10 EDT" finished-at="2020-06-21T17:35:01 EDT">
    <groups>
    </groups>
    <test name="Regression Test chrome" duration-ms="350394" started-at="2020-06-21T17:29:10 EDT" finished-at="2020-06-21T17:35:01 EDT">
      <class name="Testcases.HomePageTest">
        <test-method status="PASS" signature="initialize(java.lang.String, java.lang.String)[pri:0, instance:Testcases.HomePageTest@34c4973]" name="initialize" is-config="true" duration-ms="6878" started-at="2020-06-21T17:29:11 EDT" finished-at="2020-06-21T17:29:18 EDT">
          <params>
            <param index="0">
              <value>
                <![CDATA[chrome]]>
              </value>
            </param>
            <param index="1">
              <value>
                <![CDATA[https://www.suntrust.com/]]>
              </value>
            </param>
          </params>
          <reporter-output>
          </reporter-output>
        </test-method> <!-- initialize -->
        <test-method status="PASS" signature="setup()[pri:0, instance:Testcases.HomePageTest@34c4973]" name="setup" is-config="true" duration-ms="15" started-at="2020-06-21T17:29:18 EDT" finished-at="2020-06-21T17:29:18 EDT">
          <reporter-output>
          </reporter-output>
        </test-method> <!-- setup -->
        <test-method status="PASS" signature="checkCNCHoverOptions(java.lang.String, java.lang.String)[pri:0, instance:Testcases.HomePageTest@34c4973]" name="checkCNCHoverOptions" duration-ms="5933" started-at="2020-06-21T17:29:18 EDT" data-provider="getOptionsData" finished-at="2020-06-21T17:29:24 EDT">
          <params>
            <param index="0">
              <value>
                <![CDATA[SunTrust Advantage]]>
              </value>
            </param>
            <param index="1">
              <value>
                <![CDATA[SunTrust OneTeam Financial Advantage | SunTrust Corporate Banking]]>
              </value>
            </param>
          </params>
          <reporter-output>
          </reporter-output>
        </test-method> <!-- checkCNCHoverOptions -->
        <test-method status="PASS" signature="teardown()[pri:0, instance:Testcases.HomePageTest@34c4973]" name="teardown" is-config="true" duration-ms="121" started-at="2020-06-21T17:29:24 EDT" finished-at="2020-06-21T17:29:24 EDT">
          <reporter-output>
          </reporter-output>
        </test-method> <!-- teardown -->
        <test-method status="PASS" signature="initialize(java.lang.String, java.lang.String)[pri:0, instance:Testcases.HomePageTest@34c4973]" name="initialize" is-config="true" duration-ms="6080" started-at="2020-06-21T17:29:24 EDT" finished-at="2020-06-21T17:29:30 EDT">
          <params>
            <param index="0">
              <value>
                <![CDATA[chrome]]>
              </value>
            </param>
            <param index="1">
              <value>
                <![CDATA[https://www.suntrust.com/]]>
              </value>
            </param>
          </params>
          <reporter-output>
          </reporter-output>
        </test-method> <!-- initialize -->
        <test-method status="PASS" signature="setup()[pri:0, instance:Testcases.HomePageTest@34c4973]" name="setup" is-config="true" duration-ms="1" started-at="2020-06-21T17:29:30 EDT" finished-at="2020-06-21T17:29:30 EDT">
          <reporter-output>
          </reporter-output>
        </test-method> <!-- setup -->
        <test-method status="PASS" signature="checkCNCHoverOptions(java.lang.String, java.lang.String)[pri:0, instance:Testcases.HomePageTest@34c4973]" name="checkCNCHoverOptions" duration-ms="5915" started-at="2020-06-21T17:29:30 EDT" data-provider="getOptionsData" finished-at="2020-06-21T17:29:36 EDT">
          <params>
            <param index="0">
              <value>
                <![CDATA[Leadership]]>
              </value>
            </param>
            <param index="1">
              <value>
                <![CDATA[SunTrust Corporate Leadership Team | SunTrust Corporate Banking]]>
              </value>
            </param>
          </params>
          <reporter-output>
          </reporter-output>
        </test-method> <!-- checkCNCHoverOptions -->
        <test-method status="PASS" signature="teardown()[pri:0, instance:Testcases.HomePageTest@34c4973]" name="teardown" is-config="true" duration-ms="135" started-at="2020-06-21T17:29:36 EDT" finished-at="2020-06-21T17:29:36 EDT">
          <reporter-output>
          </reporter-output>
        </test-method> <!-- teardown -->
        <test-method status="PASS" signature="initialize(java.lang.String, java.lang.String)[pri:0, instance:Testcases.HomePageTest@34c4973]" name="initialize" is-config="true" duration-ms="6072" started-at="2020-06-21T17:29:36 EDT" finished-at="2020-06-21T17:29:42 EDT">
          <params>
            <param index="0">
              <value>
                <![CDATA[chrome]]>
              </value>
            </param>
            <param index="1">
              <value>
                <![CDATA[https://www.suntrust.com/]]>
              </value>
            </param>
          </params>
          <reporter-output>
          </reporter-output>
        </test-method> <!-- initialize -->
        <test-method status="PASS" signature="checkCNCHoverOptions(java.lang.String, java.lang.String)[pri:0, instance:Testcases.HomePageTest@34c4973]" name="checkCNCHoverOptions" duration-ms="5954" started-at="2020-06-21T17:29:42 EDT" data-provider="getOptionsData" finished-at="2020-06-21T17:29:48 EDT">
          <params>
            <param index="0">
              <value>
                <![CDATA[How We Work]]>
              </value>
            </param>
            <param index="1">
              <value>
                <![CDATA[Customized Commercial & Business Banking Services | SunTrust Corporate Banking]]>
              </value>
            </param>
          </params>
          <reporter-output>
          </reporter-output>
        </test-method> <!-- checkCNCHoverOptions -->
        <test-method status="PASS" signature="setup()[pri:0, instance:Testcases.HomePageTest@34c4973]" name="setup" is-config="true" duration-ms="0" started-at="2020-06-21T17:29:42 EDT" finished-at="2020-06-21T17:29:42 EDT">
          <reporter-output>
          </reporter-output>
        </test-method> <!-- setup -->
        <test-method status="PASS" signature="teardown()[pri:0, instance:Testcases.HomePageTest@34c4973]" name="teardown" is-config="true" duration-ms="105" started-at="2020-06-21T17:29:48 EDT" finished-at="2020-06-21T17:29:48 EDT">
          <reporter-output>
          </reporter-output>
        </test-method> <!-- teardown -->
        <test-method status="PASS" signature="initialize(java.lang.String, java.lang.String)[pri:0, instance:Testcases.HomePageTest@34c4973]" name="initialize" is-config="true" duration-ms="6089" started-at="2020-06-21T17:29:48 EDT" finished-at="2020-06-21T17:29:54 EDT">
          <params>
            <param index="0">
              <value>
                <![CDATA[chrome]]>
              </value>
            </param>
            <param index="1">
              <value>
                <![CDATA[https://www.suntrust.com/]]>
              </value>
            </param>
          </params>
          <reporter-output>
          </reporter-output>
        </test-method> <!-- initialize -->
        <test-method status="PASS" signature="setup()[pri:0, instance:Testcases.HomePageTest@34c4973]" name="setup" is-config="true" duration-ms="0" started-at="2020-06-21T17:29:54 EDT" finished-at="2020-06-21T17:29:54 EDT">
          <reporter-output>
          </reporter-output>
        </test-method> <!-- setup -->
        <test-method status="FAIL" signature="checkCNCHoverOptions(java.lang.String, java.lang.String)[pri:0, instance:Testcases.HomePageTest@34c4973]" name="checkCNCHoverOptions" duration-ms="5980" started-at="2020-06-21T17:29:54 EDT" data-provider="getOptionsData" finished-at="2020-06-21T17:30:00 EDT">
          <params>
            <param index="0">
              <value>
                <![CDATA[National Footprint]]>
              </value>
            </param>
            <param index="1">
              <value>
                <![CDATA[SunTrust National Presence & Locations]]>
              </value>
            </param>
          </params>
          <exception class="java.lang.AssertionError">
            <message>
              <![CDATA[expected [true] but found [false]]]>
            </message>
            <full-stacktrace>
              <![CDATA[java.lang.AssertionError: expected [true] but found [false]
at org.testng.Assert.fail(Assert.java:97)
at org.testng.Assert.failNotEquals(Assert.java:969)
at org.testng.Assert.assertTrue(Assert.java:43)
at org.testng.Assert.assertTrue(Assert.java:53)
at Testcases.HomePageTest.checkCNCHoverOptions(HomePageTest.java:46)
at sun.reflect.NativeMethodAccessorImpl.invoke0(Native Method)
at sun.reflect.NativeMethodAccessorImpl.invoke(NativeMethodAccessorImpl.java:62)
at sun.reflect.DelegatingMethodAccessorImpl.invoke(DelegatingMethodAccessorImpl.java:43)
at java.lang.reflect.Method.invoke(Method.java:498)
at org.testng.internal.MethodInvocationHelper.invokeMethod(MethodInvocationHelper.java:134)
at org.testng.internal.TestInvoker.invokeMethod(TestInvoker.java:597)
at org.testng.internal.TestInvoker.invokeTestMethod(TestInvoker.java:173)
at org.testng.internal.MethodRunner.runInSequence(MethodRunner.java:46)
at org.testng.internal.TestInvoker$MethodInvocationAgent.invoke(TestInvoker.java:816)
at org.testng.internal.TestInvoker.invokeTestMethods(TestInvoker.java:146)
at org.testng.internal.TestMethodWorker.invokeTestMethods(TestMethodWorker.java:146)
at org.testng.internal.TestMethodWorker.run(TestMethodWorker.java:128)
at java.util.ArrayList.forEach(ArrayList.java:1257)
at org.testng.TestRunner.privateRun(TestRunner.java:766)
at org.testng.TestRunner.run(TestRunner.java:587)
at org.testng.SuiteRunner.runTest(SuiteRunner.java:384)
at org.testng.SuiteRunner.runSequentially(SuiteRunner.java:378)
at org.testng.SuiteRunner.privateRun(SuiteRunner.java:337)
at org.testng.SuiteRunner.run(SuiteRunner.java:286)
at org.testng.SuiteRunnerWorker.runSuite(SuiteRunnerWorker.java:53)
at org.testng.SuiteRunnerWorker.run(SuiteRunnerWorker.java:96)
at org.testng.TestNG.runSuitesSequentially(TestNG.java:1187)
at org.testng.TestNG.runSuitesLocally(TestNG.java:1109)
at org.testng.TestNG.runSuites(TestNG.java:1039)
at org.testng.TestNG.run(TestNG.java:1007)
at org.testng.remote.AbstractRemoteTestNG.run(AbstractRemoteTestNG.java:115)
at org.testng.remote.RemoteTestNG.initAndRun(RemoteTestNG.java:251)
at org.testng.remote.RemoteTestNG.main(RemoteTestNG.java:77)
]]>
            </full-stacktrace>
          </exception> <!-- java.lang.AssertionError -->
          <reporter-output>
          </reporter-output>
        </test-method> <!-- checkCNCHoverOptions -->
        <test-method status="PASS" signature="teardown()[pri:0, instance:Testcases.HomePageTest@34c4973]" name="teardown" is-config="true" duration-ms="112" started-at="2020-06-21T17:30:00 EDT" finished-at="2020-06-21T17:30:00 EDT">
          <reporter-output>
          </reporter-output>
        </test-method> <!-- teardown -->
        <test-method status="PASS" signature="initialize(java.lang.String, java.lang.String)[pri:0, instance:Testcases.HomePageTest@34c4973]" name="initialize" is-config="true" duration-ms="6087" started-at="2020-06-21T17:30:00 EDT" finished-at="2020-06-21T17:30:06 EDT">
          <params>
            <param index="0">
              <value>
                <![CDATA[chrome]]>
              </value>
            </param>
            <param index="1">
              <value>
                <![CDATA[https://www.suntrust.com/]]>
              </value>
            </param>
          </params>
          <reporter-output>
          </reporter-output>
        </test-method> <!-- initialize -->
        <test-method status="PASS" signature="setup()[pri:0, instance:Testcases.HomePageTest@34c4973]" name="setup" is-config="true" duration-ms="1" started-at="2020-06-21T17:30:06 EDT" finished-at="2020-06-21T17:30:06 EDT">
          <reporter-output>
          </reporter-output>
        </test-method> <!-- setup -->
        <test-method status="PASS" signature="checkCNCHoverOptions(java.lang.String, java.lang.String)[pri:0, instance:Testcases.HomePageTest@34c4973]" name="checkCNCHoverOptions" duration-ms="5767" started-at="2020-06-21T17:30:06 EDT" data-provider="getOptionsData" finished-at="2020-06-21T17:30:12 EDT">
          <params>
            <param index="0">
              <value>
                <![CDATA[Products & Services]]>
              </value>
            </param>
            <param index="1">
              <value>
                <![CDATA[Corporate Banking Products & Services | SunTrust Corporate Banking]]>
              </value>
            </param>
          </params>
          <reporter-output>
          </reporter-output>
        </test-method> <!-- checkCNCHoverOptions -->
        <test-method status="PASS" signature="teardown()[pri:0, instance:Testcases.HomePageTest@34c4973]" name="teardown" is-config="true" duration-ms="105" started-at="2020-06-21T17:30:12 EDT" finished-at="2020-06-21T17:30:12 EDT">
          <reporter-output>
          </reporter-output>
        </test-method> <!-- teardown -->
        <test-method status="PASS" signature="initialize(java.lang.String, java.lang.String)[pri:0, instance:Testcases.HomePageTest@34c4973]" name="initialize" is-config="true" duration-ms="8024" started-at="2020-06-21T17:30:12 EDT" finished-at="2020-06-21T17:30:20 EDT">
          <params>
            <param index="0">
              <value>
                <![CDATA[chrome]]>
              </value>
            </param>
            <param index="1">
              <value>
                <![CDATA[https://www.suntrust.com/]]>
              </value>
            </param>
          </params>
          <reporter-output>
          </reporter-output>
        </test-method> <!-- initialize -->
        <test-method status="PASS" signature="setup()[pri:0, instance:Testcases.HomePageTest@34c4973]" name="setup" is-config="true" duration-ms="1" started-at="2020-06-21T17:30:20 EDT" finished-at="2020-06-21T17:30:20 EDT">
          <reporter-output>
          </reporter-output>
        </test-method> <!-- setup -->
        <test-method status="PASS" signature="checkCNCHoverOptions(java.lang.String, java.lang.String)[pri:0, instance:Testcases.HomePageTest@34c4973]" name="checkCNCHoverOptions" duration-ms="6240" started-at="2020-06-21T17:30:20 EDT" data-provider="getOptionsData" finished-at="2020-06-21T17:30:26 EDT">
          <params>
            <param index="0">
              <value>
                <![CDATA[Credit and Financing]]>
              </value>
            </param>
            <param index="1">
              <value>
                <![CDATA[Corporate and Commercial Financing and Credit | SunTrust Corporate Banking]]>
              </value>
            </param>
          </params>
          <reporter-output>
          </reporter-output>
        </test-method> <!-- checkCNCHoverOptions -->
        <test-method status="PASS" signature="teardown()[pri:0, instance:Testcases.HomePageTest@34c4973]" name="teardown" is-config="true" duration-ms="103" started-at="2020-06-21T17:30:26 EDT" finished-at="2020-06-21T17:30:26 EDT">
          <reporter-output>
          </reporter-output>
        </test-method> <!-- teardown -->
        <test-method status="PASS" signature="initialize(java.lang.String, java.lang.String)[pri:0, instance:Testcases.HomePageTest@34c4973]" name="initialize" is-config="true" duration-ms="5792" started-at="2020-06-21T17:30:26 EDT" finished-at="2020-06-21T17:30:32 EDT">
          <params>
            <param index="0">
              <value>
                <![CDATA[chrome]]>
              </value>
            </param>
            <param index="1">
              <value>
                <![CDATA[https://www.suntrust.com/]]>
              </value>
            </param>
          </params>
          <reporter-output>
          </reporter-output>
        </test-method> <!-- initialize -->
        <test-method status="PASS" signature="setup()[pri:0, instance:Testcases.HomePageTest@34c4973]" name="setup" is-config="true" duration-ms="0" started-at="2020-06-21T17:30:32 EDT" finished-at="2020-06-21T17:30:32 EDT">
          <reporter-output>
          </reporter-output>
        </test-method> <!-- setup -->
        <test-method status="PASS" signature="checkCNCHoverOptions(java.lang.String, java.lang.String)[pri:0, instance:Testcases.HomePageTest@34c4973]" name="checkCNCHoverOptions" duration-ms="5913" started-at="2020-06-21T17:30:32 EDT" data-provider="getOptionsData" finished-at="2020-06-21T17:30:38 EDT">
          <params>
            <param index="0">
              <value>
                <![CDATA[Treasury Management]]>
              </value>
            </param>
            <param index="1">
              <value>
                <![CDATA[Treasury Management and Services | SunTrust Corporate Banking]]>
              </value>
            </param>
          </params>
          <reporter-output>
          </reporter-output>
        </test-method> <!-- checkCNCHoverOptions -->
        <test-method status="PASS" signature="teardown()[pri:0, instance:Testcases.HomePageTest@34c4973]" name="teardown" is-config="true" duration-ms="106" started-at="2020-06-21T17:30:38 EDT" finished-at="2020-06-21T17:30:38 EDT">
          <reporter-output>
          </reporter-output>
        </test-method> <!-- teardown -->
        <test-method status="PASS" signature="initialize(java.lang.String, java.lang.String)[pri:0, instance:Testcases.HomePageTest@34c4973]" name="initialize" is-config="true" duration-ms="5296" started-at="2020-06-21T17:30:38 EDT" finished-at="2020-06-21T17:30:44 EDT">
          <params>
            <param index="0">
              <value>
                <![CDATA[chrome]]>
              </value>
            </param>
            <param index="1">
              <value>
                <![CDATA[https://www.suntrust.com/]]>
              </value>
            </param>
          </params>
          <reporter-output>
          </reporter-output>
        </test-method> <!-- initialize -->
        <test-method status="PASS" signature="setup()[pri:0, instance:Testcases.HomePageTest@34c4973]" name="setup" is-config="true" duration-ms="1" started-at="2020-06-21T17:30:44 EDT" finished-at="2020-06-21T17:30:44 EDT">
          <reporter-output>
          </reporter-output>
        </test-method> <!-- setup -->
        <test-method status="PASS" signature="checkCNCHoverOptions(java.lang.String, java.lang.String)[pri:0, instance:Testcases.HomePageTest@34c4973]" name="checkCNCHoverOptions" duration-ms="5972" started-at="2020-06-21T17:30:44 EDT" data-provider="getOptionsData" finished-at="2020-06-21T17:30:50 EDT">
          <params>
            <param index="0">
              <value>
                <![CDATA[Business Transition]]>
              </value>
            </param>
            <param index="1">
              <value>
                <![CDATA[Business Transition Planning and Services | SunTrust Corporate Banking]]>
              </value>
            </param>
          </params>
          <reporter-output>
          </reporter-output>
        </test-method> <!-- checkCNCHoverOptions -->
        <test-method status="PASS" signature="teardown()[pri:0, instance:Testcases.HomePageTest@34c4973]" name="teardown" is-config="true" duration-ms="108" started-at="2020-06-21T17:30:50 EDT" finished-at="2020-06-21T17:30:50 EDT">
          <reporter-output>
          </reporter-output>
        </test-method> <!-- teardown -->
        <test-method status="PASS" signature="initialize(java.lang.String, java.lang.String)[pri:0, instance:Testcases.HomePageTest@34c4973]" name="initialize" is-config="true" duration-ms="6607" started-at="2020-06-21T17:30:50 EDT" finished-at="2020-06-21T17:30:56 EDT">
          <params>
            <param index="0">
              <value>
                <![CDATA[chrome]]>
              </value>
            </param>
            <param index="1">
              <value>
                <![CDATA[https://www.suntrust.com/]]>
              </value>
            </param>
          </params>
          <reporter-output>
          </reporter-output>
        </test-method> <!-- initialize -->
        <test-method status="PASS" signature="setup()[pri:0, instance:Testcases.HomePageTest@34c4973]" name="setup" is-config="true" duration-ms="1" started-at="2020-06-21T17:30:56 EDT" finished-at="2020-06-21T17:30:56 EDT">
          <reporter-output>
          </reporter-output>
        </test-method> <!-- setup -->
        <test-method status="PASS" signature="checkCNCHoverOptions(java.lang.String, java.lang.String)[pri:0, instance:Testcases.HomePageTest@34c4973]" name="checkCNCHoverOptions" duration-ms="6513" started-at="2020-06-21T17:30:56 EDT" data-provider="getOptionsData" finished-at="2020-06-21T17:31:03 EDT">
          <params>
            <param index="0">
              <value>
                <![CDATA[Capital Markets]]>
              </value>
            </param>
            <param index="1">
              <value>
                <![CDATA[Raising Capital | SunTrust Corporate Banking]]>
              </value>
            </param>
          </params>
          <reporter-output>
          </reporter-output>
        </test-method> <!-- checkCNCHoverOptions -->
        <test-method status="PASS" signature="teardown()[pri:0, instance:Testcases.HomePageTest@34c4973]" name="teardown" is-config="true" duration-ms="104" started-at="2020-06-21T17:31:03 EDT" finished-at="2020-06-21T17:31:03 EDT">
          <reporter-output>
          </reporter-output>
        </test-method> <!-- teardown -->
        <test-method status="PASS" signature="initialize(java.lang.String, java.lang.String)[pri:0, instance:Testcases.HomePageTest@34c4973]" name="initialize" is-config="true" duration-ms="6313" started-at="2020-06-21T17:31:03 EDT" finished-at="2020-06-21T17:31:09 EDT">
          <params>
            <param index="0">
              <value>
                <![CDATA[chrome]]>
              </value>
            </param>
            <param index="1">
              <value>
                <![CDATA[https://www.suntrust.com/]]>
              </value>
            </param>
          </params>
          <reporter-output>
          </reporter-output>
        </test-method> <!-- initialize -->
        <test-method status="PASS" signature="setup()[pri:0, instance:Testcases.HomePageTest@34c4973]" name="setup" is-config="true" duration-ms="1" started-at="2020-06-21T17:31:09 EDT" finished-at="2020-06-21T17:31:09 EDT">
          <reporter-output>
          </reporter-output>
        </test-method> <!-- setup -->
        <test-method status="PASS" signature="checkCNCHoverOptions(java.lang.String, java.lang.String)[pri:0, instance:Testcases.HomePageTest@34c4973]" name="checkCNCHoverOptions" duration-ms="6288" started-at="2020-06-21T17:31:09 EDT" data-provider="getOptionsData" finished-at="2020-06-21T17:31:16 EDT">
          <params>
            <param index="0">
              <value>
                <![CDATA[Commercial Real Estate Banking]]>
              </value>
            </param>
            <param index="1">
              <value>
                <![CDATA[Home | SunTrust Commercial Real Estate]]>
              </value>
            </param>
          </params>
          <reporter-output>
          </reporter-output>
        </test-method> <!-- checkCNCHoverOptions -->
        <test-method status="PASS" signature="teardown()[pri:0, instance:Testcases.HomePageTest@34c4973]" name="teardown" is-config="true" duration-ms="108" started-at="2020-06-21T17:31:16 EDT" finished-at="2020-06-21T17:31:16 EDT">
          <reporter-output>
          </reporter-output>
        </test-method> <!-- teardown -->
        <test-method status="PASS" signature="initialize(java.lang.String, java.lang.String)[pri:0, instance:Testcases.HomePageTest@34c4973]" name="initialize" is-config="true" duration-ms="5592" started-at="2020-06-21T17:31:16 EDT" finished-at="2020-06-21T17:31:21 EDT">
          <params>
            <param index="0">
              <value>
                <![CDATA[chrome]]>
              </value>
            </param>
            <param index="1">
              <value>
                <![CDATA[https://www.suntrust.com/]]>
              </value>
            </param>
          </params>
          <reporter-output>
          </reporter-output>
        </test-method> <!-- initialize -->
        <test-method status="PASS" signature="setup()[pri:0, instance:Testcases.HomePageTest@34c4973]" name="setup" is-config="true" duration-ms="1" started-at="2020-06-21T17:31:21 EDT" finished-at="2020-06-21T17:31:21 EDT">
          <reporter-output>
          </reporter-output>
        </test-method> <!-- setup -->
        <test-method status="PASS" signature="checkCNCHoverOptions(java.lang.String, java.lang.String)[pri:0, instance:Testcases.HomePageTest@34c4973]" name="checkCNCHoverOptions" duration-ms="5941" started-at="2020-06-21T17:31:21 EDT" data-provider="getOptionsData" finished-at="2020-06-21T17:31:27 EDT">
          <params>
            <param index="0">
              <value>
                <![CDATA[International Solutions]]>
              </value>
            </param>
            <param index="1">
              <value>
                <![CDATA[International Banking Services | SunTrust Corporate Banking]]>
              </value>
            </param>
          </params>
          <reporter-output>
          </reporter-output>
        </test-method> <!-- checkCNCHoverOptions -->
        <test-method status="PASS" signature="teardown()[pri:0, instance:Testcases.HomePageTest@34c4973]" name="teardown" is-config="true" duration-ms="115" started-at="2020-06-21T17:31:27 EDT" finished-at="2020-06-21T17:31:27 EDT">
          <reporter-output>
          </reporter-output>
        </test-method> <!-- teardown -->
        <test-method status="PASS" signature="initialize(java.lang.String, java.lang.String)[pri:0, instance:Testcases.HomePageTest@34c4973]" name="initialize" is-config="true" duration-ms="5289" started-at="2020-06-21T17:31:27 EDT" finished-at="2020-06-21T17:31:33 EDT">
          <params>
            <param index="0">
              <value>
                <![CDATA[chrome]]>
              </value>
            </param>
            <param index="1">
              <value>
                <![CDATA[https://www.suntrust.com/]]>
              </value>
            </param>
          </params>
          <reporter-output>
          </reporter-output>
        </test-method> <!-- initialize -->
        <test-method status="PASS" signature="setup()[pri:0, instance:Testcases.HomePageTest@34c4973]" name="setup" is-config="true" duration-ms="1" started-at="2020-06-21T17:31:33 EDT" finished-at="2020-06-21T17:31:33 EDT">
          <reporter-output>
          </reporter-output>
        </test-method> <!-- setup -->
        <test-method status="FAIL" signature="checkCNCHoverOptions(java.lang.String, java.lang.String)[pri:0, instance:Testcases.HomePageTest@34c4973]" name="checkCNCHoverOptions" duration-ms="6018" started-at="2020-06-21T17:31:33 EDT" data-provider="getOptionsData" finished-at="2020-06-21T17:31:39 EDT">
          <params>
            <param index="0">
              <value>
                <![CDATA[Investment Banking Services]]>
              </value>
            </param>
            <param index="1">
              <value>
                <![CDATA[Investment Banking Services Products | SunTrust Corporate Banking]]>
              </value>
            </param>
          </params>
          <exception class="java.lang.AssertionError">
            <message>
              <![CDATA[expected [true] but found [false]]]>
            </message>
            <full-stacktrace>
              <![CDATA[java.lang.AssertionError: expected [true] but found [false]
at org.testng.Assert.fail(Assert.java:97)
at org.testng.Assert.failNotEquals(Assert.java:969)
at org.testng.Assert.assertTrue(Assert.java:43)
at org.testng.Assert.assertTrue(Assert.java:53)
at Testcases.HomePageTest.checkCNCHoverOptions(HomePageTest.java:46)
at sun.reflect.NativeMethodAccessorImpl.invoke0(Native Method)
at sun.reflect.NativeMethodAccessorImpl.invoke(NativeMethodAccessorImpl.java:62)
at sun.reflect.DelegatingMethodAccessorImpl.invoke(DelegatingMethodAccessorImpl.java:43)
at java.lang.reflect.Method.invoke(Method.java:498)
at org.testng.internal.MethodInvocationHelper.invokeMethod(MethodInvocationHelper.java:134)
at org.testng.internal.TestInvoker.invokeMethod(TestInvoker.java:597)
at org.testng.internal.TestInvoker.invokeTestMethod(TestInvoker.java:173)
at org.testng.internal.MethodRunner.runInSequence(MethodRunner.java:46)
at org.testng.internal.TestInvoker$MethodInvocationAgent.invoke(TestInvoker.java:816)
at org.testng.internal.TestInvoker.invokeTestMethods(TestInvoker.java:146)
at org.testng.internal.TestMethodWorker.invokeTestMethods(TestMethodWorker.java:146)
at org.testng.internal.TestMethodWorker.run(TestMethodWorker.java:128)
at java.util.ArrayList.forEach(ArrayList.java:1257)
at org.testng.TestRunner.privateRun(TestRunner.java:766)
at org.testng.TestRunner.run(TestRunner.java:587)
at org.testng.SuiteRunner.runTest(SuiteRunner.java:384)
at org.testng.SuiteRunner.runSequentially(SuiteRunner.java:378)
at org.testng.SuiteRunner.privateRun(SuiteRunner.java:337)
at org.testng.SuiteRunner.run(SuiteRunner.java:286)
at org.testng.SuiteRunnerWorker.runSuite(SuiteRunnerWorker.java:53)
at org.testng.SuiteRunnerWorker.run(SuiteRunnerWorker.java:96)
at org.testng.TestNG.runSuitesSequentially(TestNG.java:1187)
at org.testng.TestNG.runSuitesLocally(TestNG.java:1109)
at org.testng.TestNG.runSuites(TestNG.java:1039)
at org.testng.TestNG.run(TestNG.java:1007)
at org.testng.remote.AbstractRemoteTestNG.run(AbstractRemoteTestNG.java:115)
at org.testng.remote.RemoteTestNG.initAndRun(RemoteTestNG.java:251)
at org.testng.remote.RemoteTestNG.main(RemoteTestNG.java:77)
]]>
            </full-stacktrace>
          </exception> <!-- java.lang.AssertionError -->
          <reporter-output>
          </reporter-output>
        </test-method> <!-- checkCNCHoverOptions -->
        <test-method status="PASS" signature="teardown()[pri:0, instance:Testcases.HomePageTest@34c4973]" name="teardown" is-config="true" duration-ms="107" started-at="2020-06-21T17:31:39 EDT" finished-at="2020-06-21T17:31:39 EDT">
          <reporter-output>
          </reporter-output>
        </test-method> <!-- teardown -->
        <test-method status="PASS" signature="initialize(java.lang.String, java.lang.String)[pri:0, instance:Testcases.HomePageTest@34c4973]" name="initialize" is-config="true" duration-ms="5100" started-at="2020-06-21T17:31:39 EDT" finished-at="2020-06-21T17:31:44 EDT">
          <params>
            <param index="0">
              <value>
                <![CDATA[chrome]]>
              </value>
            </param>
            <param index="1">
              <value>
                <![CDATA[https://www.suntrust.com/]]>
              </value>
            </param>
          </params>
          <reporter-output>
          </reporter-output>
        </test-method> <!-- initialize -->
        <test-method status="PASS" signature="setup()[pri:0, instance:Testcases.HomePageTest@34c4973]" name="setup" is-config="true" duration-ms="1" started-at="2020-06-21T17:31:44 EDT" finished-at="2020-06-21T17:31:44 EDT">
          <reporter-output>
          </reporter-output>
        </test-method> <!-- setup -->
        <test-method status="PASS" signature="checkCNCHoverOptions(java.lang.String, java.lang.String)[pri:0, instance:Testcases.HomePageTest@34c4973]" name="checkCNCHoverOptions" duration-ms="5782" started-at="2020-06-21T17:31:44 EDT" data-provider="getOptionsData" finished-at="2020-06-21T17:31:50 EDT">
          <params>
            <param index="0">
              <value>
                <![CDATA[Employee Benefit Solutions]]>
              </value>
            </param>
            <param index="1">
              <value>
                <![CDATA[Employee Benefit Consultants | SunTrust Corporate Banking]]>
              </value>
            </param>
          </params>
          <reporter-output>
          </reporter-output>
        </test-method> <!-- checkCNCHoverOptions -->
        <test-method status="PASS" signature="teardown()[pri:0, instance:Testcases.HomePageTest@34c4973]" name="teardown" is-config="true" duration-ms="101" started-at="2020-06-21T17:31:50 EDT" finished-at="2020-06-21T17:31:50 EDT">
          <reporter-output>
          </reporter-output>
        </test-method> <!-- teardown -->
        <test-method status="PASS" signature="initialize(java.lang.String, java.lang.String)[pri:0, instance:Testcases.HomePageTest@34c4973]" name="initialize" is-config="true" duration-ms="5443" started-at="2020-06-21T17:31:50 EDT" finished-at="2020-06-21T17:31:55 EDT">
          <params>
            <param index="0">
              <value>
                <![CDATA[chrome]]>
              </value>
            </param>
            <param index="1">
              <value>
                <![CDATA[https://www.suntrust.com/]]>
              </value>
            </param>
          </params>
          <reporter-output>
          </reporter-output>
        </test-method> <!-- initialize -->
        <test-method status="PASS" signature="setup()[pri:0, instance:Testcases.HomePageTest@34c4973]" name="setup" is-config="true" duration-ms="1" started-at="2020-06-21T17:31:55 EDT" finished-at="2020-06-21T17:31:55 EDT">
          <reporter-output>
          </reporter-output>
        </test-method> <!-- setup -->
        <test-method status="FAIL" signature="checkCNCHoverOptions(java.lang.String, java.lang.String)[pri:0, instance:Testcases.HomePageTest@34c4973]" name="checkCNCHoverOptions" duration-ms="6446" started-at="2020-06-21T17:31:55 EDT" data-provider="getOptionsData" finished-at="2020-06-21T17:32:02 EDT">
          <params>
            <param index="0">
              <value>
                <![CDATA[Escrow & Reinsurance]]>
              </value>
            </param>
            <param index="1">
              <value>
                <![CDATA[Escrow Reinsurance Expertise | SunTrust Corporate Banking]]>
              </value>
            </param>
          </params>
          <exception class="java.lang.AssertionError">
            <message>
              <![CDATA[expected [true] but found [false]]]>
            </message>
            <full-stacktrace>
              <![CDATA[java.lang.AssertionError: expected [true] but found [false]
at org.testng.Assert.fail(Assert.java:97)
at org.testng.Assert.failNotEquals(Assert.java:969)
at org.testng.Assert.assertTrue(Assert.java:43)
at org.testng.Assert.assertTrue(Assert.java:53)
at Testcases.HomePageTest.checkCNCHoverOptions(HomePageTest.java:46)
at sun.reflect.NativeMethodAccessorImpl.invoke0(Native Method)
at sun.reflect.NativeMethodAccessorImpl.invoke(NativeMethodAccessorImpl.java:62)
at sun.reflect.DelegatingMethodAccessorImpl.invoke(DelegatingMethodAccessorImpl.java:43)
at java.lang.reflect.Method.invoke(Method.java:498)
at org.testng.internal.MethodInvocationHelper.invokeMethod(MethodInvocationHelper.java:134)
at org.testng.internal.TestInvoker.invokeMethod(TestInvoker.java:597)
at org.testng.internal.TestInvoker.invokeTestMethod(TestInvoker.java:173)
at org.testng.internal.MethodRunner.runInSequence(MethodRunner.java:46)
at org.testng.internal.TestInvoker$MethodInvocationAgent.invoke(TestInvoker.java:816)
at org.testng.internal.TestInvoker.invokeTestMethods(TestInvoker.java:146)
at org.testng.internal.TestMethodWorker.invokeTestMethods(TestMethodWorker.java:146)
at org.testng.internal.TestMethodWorker.run(TestMethodWorker.java:128)
at java.util.ArrayList.forEach(ArrayList.java:1257)
at org.testng.TestRunner.privateRun(TestRunner.java:766)
at org.testng.TestRunner.run(TestRunner.java:587)
at org.testng.SuiteRunner.runTest(SuiteRunner.java:384)
at org.testng.SuiteRunner.runSequentially(SuiteRunner.java:378)
at org.testng.SuiteRunner.privateRun(SuiteRunner.java:337)
at org.testng.SuiteRunner.run(SuiteRunner.java:286)
at org.testng.SuiteRunnerWorker.runSuite(SuiteRunnerWorker.java:53)
at org.testng.SuiteRunnerWorker.run(SuiteRunnerWorker.java:96)
at org.testng.TestNG.runSuitesSequentially(TestNG.java:1187)
at org.testng.TestNG.runSuitesLocally(TestNG.java:1109)
at org.testng.TestNG.runSuites(TestNG.java:1039)
at org.testng.TestNG.run(TestNG.java:1007)
at org.testng.remote.AbstractRemoteTestNG.run(AbstractRemoteTestNG.java:115)
at org.testng.remote.RemoteTestNG.initAndRun(RemoteTestNG.java:251)
at org.testng.remote.RemoteTestNG.main(RemoteTestNG.java:77)
]]>
            </full-stacktrace>
          </exception> <!-- java.lang.AssertionError -->
          <reporter-output>
          </reporter-output>
        </test-method> <!-- checkCNCHoverOptions -->
        <test-method status="PASS" signature="teardown()[pri:0, instance:Testcases.HomePageTest@34c4973]" name="teardown" is-config="true" duration-ms="104" started-at="2020-06-21T17:32:02 EDT" finished-at="2020-06-21T17:32:02 EDT">
          <reporter-output>
          </reporter-output>
        </test-method> <!-- teardown -->
        <test-method status="PASS" signature="initialize(java.lang.String, java.lang.String)[pri:0, instance:Testcases.HomePageTest@34c4973]" name="initialize" is-config="true" duration-ms="5394" started-at="2020-06-21T17:32:02 EDT" finished-at="2020-06-21T17:32:07 EDT">
          <params>
            <param index="0">
              <value>
                <![CDATA[chrome]]>
              </value>
            </param>
            <param index="1">
              <value>
                <![CDATA[https://www.suntrust.com/]]>
              </value>
            </param>
          </params>
          <reporter-output>
          </reporter-output>
        </test-method> <!-- initialize -->
        <test-method status="PASS" signature="setup()[pri:0, instance:Testcases.HomePageTest@34c4973]" name="setup" is-config="true" duration-ms="1" started-at="2020-06-21T17:32:07 EDT" finished-at="2020-06-21T17:32:07 EDT">
          <reporter-output>
          </reporter-output>
        </test-method> <!-- setup -->
        <test-method status="PASS" signature="checkCNCHoverOptions(java.lang.String, java.lang.String)[pri:0, instance:Testcases.HomePageTest@34c4973]" name="checkCNCHoverOptions" duration-ms="5919" started-at="2020-06-21T17:32:07 EDT" data-provider="getOptionsData" finished-at="2020-06-21T17:32:13 EDT">
          <params>
            <param index="0">
              <value>
                <![CDATA[Risk Management]]>
              </value>
            </param>
            <param index="1">
              <value>
                <![CDATA[Commercial Risk Management | SunTrust Corporate Banking]]>
              </value>
            </param>
          </params>
          <reporter-output>
          </reporter-output>
        </test-method> <!-- checkCNCHoverOptions -->
        <test-method status="PASS" signature="teardown()[pri:0, instance:Testcases.HomePageTest@34c4973]" name="teardown" is-config="true" duration-ms="105" started-at="2020-06-21T17:32:13 EDT" finished-at="2020-06-21T17:32:13 EDT">
          <reporter-output>
          </reporter-output>
        </test-method> <!-- teardown -->
        <test-method status="PASS" signature="initialize(java.lang.String, java.lang.String)[pri:0, instance:Testcases.HomePageTest@34c4973]" name="initialize" is-config="true" duration-ms="5792" started-at="2020-06-21T17:32:13 EDT" finished-at="2020-06-21T17:32:19 EDT">
          <params>
            <param index="0">
              <value>
                <![CDATA[chrome]]>
              </value>
            </param>
            <param index="1">
              <value>
                <![CDATA[https://www.suntrust.com/]]>
              </value>
            </param>
          </params>
          <reporter-output>
          </reporter-output>
        </test-method> <!-- initialize -->
        <test-method status="PASS" signature="setup()[pri:0, instance:Testcases.HomePageTest@34c4973]" name="setup" is-config="true" duration-ms="0" started-at="2020-06-21T17:32:19 EDT" finished-at="2020-06-21T17:32:19 EDT">
          <reporter-output>
          </reporter-output>
        </test-method> <!-- setup -->
        <test-method status="PASS" signature="checkCNCHoverOptions(java.lang.String, java.lang.String)[pri:0, instance:Testcases.HomePageTest@34c4973]" name="checkCNCHoverOptions" duration-ms="7031" started-at="2020-06-21T17:32:19 EDT" data-provider="getOptionsData" finished-at="2020-06-21T17:32:26 EDT">
          <params>
            <param index="0">
              <value>
                <![CDATA[Industry Expertise]]>
              </value>
            </param>
            <param index="1">
              <value>
                <![CDATA[Specialty Industry Expertise | SunTrust Corporate Banking]]>
              </value>
            </param>
          </params>
          <reporter-output>
          </reporter-output>
        </test-method> <!-- checkCNCHoverOptions -->
        <test-method status="PASS" signature="teardown()[pri:0, instance:Testcases.HomePageTest@34c4973]" name="teardown" is-config="true" duration-ms="104" started-at="2020-06-21T17:32:26 EDT" finished-at="2020-06-21T17:32:26 EDT">
          <reporter-output>
          </reporter-output>
        </test-method> <!-- teardown -->
        <test-method status="PASS" signature="initialize(java.lang.String, java.lang.String)[pri:0, instance:Testcases.HomePageTest@34c4973]" name="initialize" is-config="true" duration-ms="9037" started-at="2020-06-21T17:32:26 EDT" finished-at="2020-06-21T17:32:35 EDT">
          <params>
            <param index="0">
              <value>
                <![CDATA[chrome]]>
              </value>
            </param>
            <param index="1">
              <value>
                <![CDATA[https://www.suntrust.com/]]>
              </value>
            </param>
          </params>
          <reporter-output>
          </reporter-output>
        </test-method> <!-- initialize -->
        <test-method status="PASS" signature="setup()[pri:0, instance:Testcases.HomePageTest@34c4973]" name="setup" is-config="true" duration-ms="1" started-at="2020-06-21T17:32:35 EDT" finished-at="2020-06-21T17:32:35 EDT">
          <reporter-output>
          </reporter-output>
        </test-method> <!-- setup -->
        <test-method status="PASS" signature="checkCNCHoverOptions(java.lang.String, java.lang.String)[pri:0, instance:Testcases.HomePageTest@34c4973]" name="checkCNCHoverOptions" duration-ms="6381" started-at="2020-06-21T17:32:35 EDT" data-provider="getOptionsData" finished-at="2020-06-21T17:32:41 EDT">
          <params>
            <param index="0">
              <value>
                <![CDATA[Investment Banking Coverage]]>
              </value>
            </param>
            <param index="1">
              <value>
                <![CDATA[Investment Banking Advisory for Industries | SunTrust Corporate Banking]]>
              </value>
            </param>
          </params>
          <reporter-output>
          </reporter-output>
        </test-method> <!-- checkCNCHoverOptions -->
        <test-method status="PASS" signature="teardown()[pri:0, instance:Testcases.HomePageTest@34c4973]" name="teardown" is-config="true" duration-ms="102" started-at="2020-06-21T17:32:41 EDT" finished-at="2020-06-21T17:32:42 EDT">
          <reporter-output>
          </reporter-output>
        </test-method> <!-- teardown -->
        <test-method status="PASS" signature="initialize(java.lang.String, java.lang.String)[pri:0, instance:Testcases.HomePageTest@34c4973]" name="initialize" is-config="true" duration-ms="5368" started-at="2020-06-21T17:32:42 EDT" finished-at="2020-06-21T17:32:47 EDT">
          <params>
            <param index="0">
              <value>
                <![CDATA[chrome]]>
              </value>
            </param>
            <param index="1">
              <value>
                <![CDATA[https://www.suntrust.com/]]>
              </value>
            </param>
          </params>
          <reporter-output>
          </reporter-output>
        </test-method> <!-- initialize -->
        <test-method status="PASS" signature="setup()[pri:0, instance:Testcases.HomePageTest@34c4973]" name="setup" is-config="true" duration-ms="1" started-at="2020-06-21T17:32:47 EDT" finished-at="2020-06-21T17:32:47 EDT">
          <reporter-output>
          </reporter-output>
        </test-method> <!-- setup -->
        <test-method status="PASS" signature="checkCNCHoverOptions(java.lang.String, java.lang.String)[pri:0, instance:Testcases.HomePageTest@34c4973]" name="checkCNCHoverOptions" duration-ms="5912" started-at="2020-06-21T17:32:47 EDT" data-provider="getOptionsData" finished-at="2020-06-21T17:32:53 EDT">
          <params>
            <param index="0">
              <value>
                <![CDATA[Senior Care]]>
              </value>
            </param>
            <param index="1">
              <value>
                <![CDATA[Financial Solutions for Senior Care | SunTrust Corporate Banking]]>
              </value>
            </param>
          </params>
          <reporter-output>
          </reporter-output>
        </test-method> <!-- checkCNCHoverOptions -->
        <test-method status="PASS" signature="teardown()[pri:0, instance:Testcases.HomePageTest@34c4973]" name="teardown" is-config="true" duration-ms="102" started-at="2020-06-21T17:32:53 EDT" finished-at="2020-06-21T17:32:53 EDT">
          <reporter-output>
          </reporter-output>
        </test-method> <!-- teardown -->
        <test-method status="PASS" signature="initialize(java.lang.String, java.lang.String)[pri:0, instance:Testcases.HomePageTest@34c4973]" name="initialize" is-config="true" duration-ms="5195" started-at="2020-06-21T17:32:53 EDT" finished-at="2020-06-21T17:32:58 EDT">
          <params>
            <param index="0">
              <value>
                <![CDATA[chrome]]>
              </value>
            </param>
            <param index="1">
              <value>
                <![CDATA[https://www.suntrust.com/]]>
              </value>
            </param>
          </params>
          <reporter-output>
          </reporter-output>
        </test-method> <!-- initialize -->
        <test-method status="PASS" signature="setup()[pri:0, instance:Testcases.HomePageTest@34c4973]" name="setup" is-config="true" duration-ms="1" started-at="2020-06-21T17:32:58 EDT" finished-at="2020-06-21T17:32:58 EDT">
          <reporter-output>
          </reporter-output>
        </test-method> <!-- setup -->
        <test-method status="PASS" signature="checkCNCHoverOptions(java.lang.String, java.lang.String)[pri:0, instance:Testcases.HomePageTest@34c4973]" name="checkCNCHoverOptions" duration-ms="5854" started-at="2020-06-21T17:32:58 EDT" data-provider="getOptionsData" finished-at="2020-06-21T17:33:04 EDT">
          <params>
            <param index="0">
              <value>
                <![CDATA[Associations and Charities (NFP)]]>
              </value>
            </param>
            <param index="1">
              <value>
                <![CDATA[Non Profit Associations and Charities Banking | SunTrust Corporate Banking]]>
              </value>
            </param>
          </params>
          <reporter-output>
          </reporter-output>
        </test-method> <!-- checkCNCHoverOptions -->
        <test-method status="PASS" signature="teardown()[pri:0, instance:Testcases.HomePageTest@34c4973]" name="teardown" is-config="true" duration-ms="101" started-at="2020-06-21T17:33:04 EDT" finished-at="2020-06-21T17:33:04 EDT">
          <reporter-output>
          </reporter-output>
        </test-method> <!-- teardown -->
        <test-method status="PASS" signature="initialize(java.lang.String, java.lang.String)[pri:0, instance:Testcases.HomePageTest@34c4973]" name="initialize" is-config="true" duration-ms="5017" started-at="2020-06-21T17:33:04 EDT" finished-at="2020-06-21T17:33:09 EDT">
          <params>
            <param index="0">
              <value>
                <![CDATA[chrome]]>
              </value>
            </param>
            <param index="1">
              <value>
                <![CDATA[https://www.suntrust.com/]]>
              </value>
            </param>
          </params>
          <reporter-output>
          </reporter-output>
        </test-method> <!-- initialize -->
        <test-method status="PASS" signature="setup()[pri:0, instance:Testcases.HomePageTest@34c4973]" name="setup" is-config="true" duration-ms="0" started-at="2020-06-21T17:33:09 EDT" finished-at="2020-06-21T17:33:09 EDT">
          <reporter-output>
          </reporter-output>
        </test-method> <!-- setup -->
        <test-method status="PASS" signature="checkCNCHoverOptions(java.lang.String, java.lang.String)[pri:0, instance:Testcases.HomePageTest@34c4973]" name="checkCNCHoverOptions" duration-ms="6300" started-at="2020-06-21T17:33:09 EDT" data-provider="getOptionsData" finished-at="2020-06-21T17:33:15 EDT">
          <params>
            <param index="0">
              <value>
                <![CDATA[Auto Dealers]]>
              </value>
            </param>
            <param index="1">
              <value>
                <![CDATA[Auto Dealership Banking Solutions | SunTrust Corporate Banking]]>
              </value>
            </param>
          </params>
          <reporter-output>
          </reporter-output>
        </test-method> <!-- checkCNCHoverOptions -->
        <test-method status="PASS" signature="teardown()[pri:0, instance:Testcases.HomePageTest@34c4973]" name="teardown" is-config="true" duration-ms="105" started-at="2020-06-21T17:33:15 EDT" finished-at="2020-06-21T17:33:15 EDT">
          <reporter-output>
          </reporter-output>
        </test-method> <!-- teardown -->
        <test-method status="PASS" signature="initialize(java.lang.String, java.lang.String)[pri:0, instance:Testcases.HomePageTest@34c4973]" name="initialize" is-config="true" duration-ms="5484" started-at="2020-06-21T17:33:15 EDT" finished-at="2020-06-21T17:33:21 EDT">
          <params>
            <param index="0">
              <value>
                <![CDATA[chrome]]>
              </value>
            </param>
            <param index="1">
              <value>
                <![CDATA[https://www.suntrust.com/]]>
              </value>
            </param>
          </params>
          <reporter-output>
          </reporter-output>
        </test-method> <!-- initialize -->
        <test-method status="PASS" signature="checkCNCHoverOptions(java.lang.String, java.lang.String)[pri:0, instance:Testcases.HomePageTest@34c4973]" name="checkCNCHoverOptions" duration-ms="5824" started-at="2020-06-21T17:33:21 EDT" data-provider="getOptionsData" finished-at="2020-06-21T17:33:27 EDT">
          <params>
            <param index="0">
              <value>
                <![CDATA[Commercial Real Estate]]>
              </value>
            </param>
            <param index="1">
              <value>
                <![CDATA[Commercial Real Estate Investing | SunTrust Corporate Banking]]>
              </value>
            </param>
          </params>
          <reporter-output>
          </reporter-output>
        </test-method> <!-- checkCNCHoverOptions -->
        <test-method status="PASS" signature="setup()[pri:0, instance:Testcases.HomePageTest@34c4973]" name="setup" is-config="true" duration-ms="0" started-at="2020-06-21T17:33:21 EDT" finished-at="2020-06-21T17:33:21 EDT">
          <reporter-output>
          </reporter-output>
        </test-method> <!-- setup -->
        <test-method status="PASS" signature="teardown()[pri:0, instance:Testcases.HomePageTest@34c4973]" name="teardown" is-config="true" duration-ms="104" started-at="2020-06-21T17:33:27 EDT" finished-at="2020-06-21T17:33:27 EDT">
          <reporter-output>
          </reporter-output>
        </test-method> <!-- teardown -->
        <test-method status="PASS" signature="initialize(java.lang.String, java.lang.String)[pri:0, instance:Testcases.HomePageTest@34c4973]" name="initialize" is-config="true" duration-ms="5283" started-at="2020-06-21T17:33:27 EDT" finished-at="2020-06-21T17:33:32 EDT">
          <params>
            <param index="0">
              <value>
                <![CDATA[chrome]]>
              </value>
            </param>
            <param index="1">
              <value>
                <![CDATA[https://www.suntrust.com/]]>
              </value>
            </param>
          </params>
          <reporter-output>
          </reporter-output>
        </test-method> <!-- initialize -->
        <test-method status="PASS" signature="setup()[pri:0, instance:Testcases.HomePageTest@34c4973]" name="setup" is-config="true" duration-ms="1" started-at="2020-06-21T17:33:32 EDT" finished-at="2020-06-21T17:33:32 EDT">
          <reporter-output>
          </reporter-output>
        </test-method> <!-- setup -->
        <test-method status="PASS" signature="checkCNCHoverOptions(java.lang.String, java.lang.String)[pri:0, instance:Testcases.HomePageTest@34c4973]" name="checkCNCHoverOptions" duration-ms="5905" started-at="2020-06-21T17:33:32 EDT" data-provider="getOptionsData" finished-at="2020-06-21T17:33:38 EDT">
          <params>
            <param index="0">
              <value>
                <![CDATA[Education]]>
              </value>
            </param>
            <param index="1">
              <value>
                <![CDATA[Education Banking Solutions | SunTrust Corporate Banking]]>
              </value>
            </param>
          </params>
          <reporter-output>
          </reporter-output>
        </test-method> <!-- checkCNCHoverOptions -->
        <test-method status="PASS" signature="teardown()[pri:0, instance:Testcases.HomePageTest@34c4973]" name="teardown" is-config="true" duration-ms="102" started-at="2020-06-21T17:33:38 EDT" finished-at="2020-06-21T17:33:38 EDT">
          <reporter-output>
          </reporter-output>
        </test-method> <!-- teardown -->
        <test-method status="PASS" signature="initialize(java.lang.String, java.lang.String)[pri:0, instance:Testcases.HomePageTest@34c4973]" name="initialize" is-config="true" duration-ms="5632" started-at="2020-06-21T17:33:38 EDT" finished-at="2020-06-21T17:33:44 EDT">
          <params>
            <param index="0">
              <value>
                <![CDATA[chrome]]>
              </value>
            </param>
            <param index="1">
              <value>
                <![CDATA[https://www.suntrust.com/]]>
              </value>
            </param>
          </params>
          <reporter-output>
          </reporter-output>
        </test-method> <!-- initialize -->
        <test-method status="PASS" signature="setup()[pri:0, instance:Testcases.HomePageTest@34c4973]" name="setup" is-config="true" duration-ms="1" started-at="2020-06-21T17:33:44 EDT" finished-at="2020-06-21T17:33:44 EDT">
          <reporter-output>
          </reporter-output>
        </test-method> <!-- setup -->
        <test-method status="PASS" signature="checkCNCHoverOptions(java.lang.String, java.lang.String)[pri:0, instance:Testcases.HomePageTest@34c4973]" name="checkCNCHoverOptions" duration-ms="5794" started-at="2020-06-21T17:33:44 EDT" data-provider="getOptionsData" finished-at="2020-06-21T17:33:50 EDT">
          <params>
            <param index="0">
              <value>
                <![CDATA[Food and Agribusiness]]>
              </value>
            </param>
            <param index="1">
              <value>
                <![CDATA[Food & Agribusiness Finance | SunTrust Corporate Banking]]>
              </value>
            </param>
          </params>
          <reporter-output>
          </reporter-output>
        </test-method> <!-- checkCNCHoverOptions -->
        <test-method status="PASS" signature="teardown()[pri:0, instance:Testcases.HomePageTest@34c4973]" name="teardown" is-config="true" duration-ms="106" started-at="2020-06-21T17:33:50 EDT" finished-at="2020-06-21T17:33:50 EDT">
          <reporter-output>
          </reporter-output>
        </test-method> <!-- teardown -->
        <test-method status="PASS" signature="initialize(java.lang.String, java.lang.String)[pri:0, instance:Testcases.HomePageTest@34c4973]" name="initialize" is-config="true" duration-ms="6329" started-at="2020-06-21T17:33:50 EDT" finished-at="2020-06-21T17:33:56 EDT">
          <params>
            <param index="0">
              <value>
                <![CDATA[chrome]]>
              </value>
            </param>
            <param index="1">
              <value>
                <![CDATA[https://www.suntrust.com/]]>
              </value>
            </param>
          </params>
          <reporter-output>
          </reporter-output>
        </test-method> <!-- initialize -->
        <test-method status="PASS" signature="setup()[pri:0, instance:Testcases.HomePageTest@34c4973]" name="setup" is-config="true" duration-ms="1" started-at="2020-06-21T17:33:56 EDT" finished-at="2020-06-21T17:33:56 EDT">
          <reporter-output>
          </reporter-output>
        </test-method> <!-- setup -->
        <test-method status="PASS" signature="checkCNCHoverOptions(java.lang.String, java.lang.String)[pri:0, instance:Testcases.HomePageTest@34c4973]" name="checkCNCHoverOptions" duration-ms="6357" started-at="2020-06-21T17:33:56 EDT" data-provider="getOptionsData" finished-at="2020-06-21T17:34:02 EDT">
          <params>
            <param index="0">
              <value>
                <![CDATA[Foundations and Endowments]]>
              </value>
            </param>
            <param index="1">
              <value>
                <![CDATA[Foundations and Endowments]]>
              </value>
            </param>
          </params>
          <reporter-output>
          </reporter-output>
        </test-method> <!-- checkCNCHoverOptions -->
        <test-method status="PASS" signature="teardown()[pri:0, instance:Testcases.HomePageTest@34c4973]" name="teardown" is-config="true" duration-ms="100" started-at="2020-06-21T17:34:02 EDT" finished-at="2020-06-21T17:34:03 EDT">
          <reporter-output>
          </reporter-output>
        </test-method> <!-- teardown -->
        <test-method status="PASS" signature="initialize(java.lang.String, java.lang.String)[pri:0, instance:Testcases.HomePageTest@34c4973]" name="initialize" is-config="true" duration-ms="5662" started-at="2020-06-21T17:34:03 EDT" finished-at="2020-06-21T17:34:08 EDT">
          <params>
            <param index="0">
              <value>
                <![CDATA[chrome]]>
              </value>
            </param>
            <param index="1">
              <value>
                <![CDATA[https://www.suntrust.com/]]>
              </value>
            </param>
          </params>
          <reporter-output>
          </reporter-output>
        </test-method> <!-- initialize -->
        <test-method status="PASS" signature="checkCNCHoverOptions(java.lang.String, java.lang.String)[pri:0, instance:Testcases.HomePageTest@34c4973]" name="checkCNCHoverOptions" duration-ms="5816" started-at="2020-06-21T17:34:08 EDT" data-provider="getOptionsData" finished-at="2020-06-21T17:34:14 EDT">
          <params>
            <param index="0">
              <value>
                <![CDATA[Governments and Municipalities]]>
              </value>
            </param>
            <param index="1">
              <value>
                <![CDATA[Governments and Municipalities | SunTrust Corporate Banking]]>
              </value>
            </param>
          </params>
          <reporter-output>
          </reporter-output>
        </test-method> <!-- checkCNCHoverOptions -->
        <test-method status="PASS" signature="setup()[pri:0, instance:Testcases.HomePageTest@34c4973]" name="setup" is-config="true" duration-ms="0" started-at="2020-06-21T17:34:08 EDT" finished-at="2020-06-21T17:34:08 EDT">
          <reporter-output>
          </reporter-output>
        </test-method> <!-- setup -->
        <test-method status="PASS" signature="teardown()[pri:0, instance:Testcases.HomePageTest@34c4973]" name="teardown" is-config="true" duration-ms="118" started-at="2020-06-21T17:34:14 EDT" finished-at="2020-06-21T17:34:14 EDT">
          <reporter-output>
          </reporter-output>
        </test-method> <!-- teardown -->
        <test-method status="PASS" signature="initialize(java.lang.String, java.lang.String)[pri:0, instance:Testcases.HomePageTest@34c4973]" name="initialize" is-config="true" duration-ms="5619" started-at="2020-06-21T17:34:14 EDT" finished-at="2020-06-21T17:34:20 EDT">
          <params>
            <param index="0">
              <value>
                <![CDATA[chrome]]>
              </value>
            </param>
            <param index="1">
              <value>
                <![CDATA[https://www.suntrust.com/]]>
              </value>
            </param>
          </params>
          <reporter-output>
          </reporter-output>
        </test-method> <!-- initialize -->
        <test-method status="PASS" signature="setup()[pri:0, instance:Testcases.HomePageTest@34c4973]" name="setup" is-config="true" duration-ms="0" started-at="2020-06-21T17:34:20 EDT" finished-at="2020-06-21T17:34:20 EDT">
          <reporter-output>
          </reporter-output>
        </test-method> <!-- setup -->
        <test-method status="PASS" signature="checkCNCHoverOptions(java.lang.String, java.lang.String)[pri:0, instance:Testcases.HomePageTest@34c4973]" name="checkCNCHoverOptions" duration-ms="5898" started-at="2020-06-21T17:34:20 EDT" data-provider="getOptionsData" finished-at="2020-06-21T17:34:26 EDT">
          <params>
            <param index="0">
              <value>
                <![CDATA[Healthcare]]>
              </value>
            </param>
            <param index="1">
              <value>
                <![CDATA[Healthcare Financial Services | SunTrust Corporate Banking]]>
              </value>
            </param>
          </params>
          <reporter-output>
          </reporter-output>
        </test-method> <!-- checkCNCHoverOptions -->
        <test-method status="PASS" signature="teardown()[pri:0, instance:Testcases.HomePageTest@34c4973]" name="teardown" is-config="true" duration-ms="107" started-at="2020-06-21T17:34:26 EDT" finished-at="2020-06-21T17:34:26 EDT">
          <reporter-output>
          </reporter-output>
        </test-method> <!-- teardown -->
        <test-method status="PASS" signature="initialize(java.lang.String, java.lang.String)[pri:0, instance:Testcases.HomePageTest@34c4973]" name="initialize" is-config="true" duration-ms="5583" started-at="2020-06-21T17:34:26 EDT" finished-at="2020-06-21T17:34:31 EDT">
          <params>
            <param index="0">
              <value>
                <![CDATA[chrome]]>
              </value>
            </param>
            <param index="1">
              <value>
                <![CDATA[https://www.suntrust.com/]]>
              </value>
            </param>
          </params>
          <reporter-output>
          </reporter-output>
        </test-method> <!-- initialize -->
        <test-method status="PASS" signature="setup()[pri:0, instance:Testcases.HomePageTest@34c4973]" name="setup" is-config="true" duration-ms="1" started-at="2020-06-21T17:34:31 EDT" finished-at="2020-06-21T17:34:31 EDT">
          <reporter-output>
          </reporter-output>
        </test-method> <!-- setup -->
        <test-method status="PASS" signature="checkCNCHoverOptions(java.lang.String, java.lang.String)[pri:0, instance:Testcases.HomePageTest@34c4973]" name="checkCNCHoverOptions" duration-ms="5793" started-at="2020-06-21T17:34:31 EDT" data-provider="getOptionsData" finished-at="2020-06-21T17:34:37 EDT">
          <params>
            <param index="0">
              <value>
                <![CDATA[Logistics & Supply Chain]]>
              </value>
            </param>
            <param index="1">
              <value>
                <![CDATA[Transport and Logistics Investment Banking | SunTrust Corporate Banking]]>
              </value>
            </param>
          </params>
          <reporter-output>
          </reporter-output>
        </test-method> <!-- checkCNCHoverOptions -->
        <test-method status="PASS" signature="teardown()[pri:0, instance:Testcases.HomePageTest@34c4973]" name="teardown" is-config="true" duration-ms="99" started-at="2020-06-21T17:34:37 EDT" finished-at="2020-06-21T17:34:37 EDT">
          <reporter-output>
          </reporter-output>
        </test-method> <!-- teardown -->
        <test-method status="PASS" signature="initialize(java.lang.String, java.lang.String)[pri:0, instance:Testcases.HomePageTest@34c4973]" name="initialize" is-config="true" duration-ms="5627" started-at="2020-06-21T17:34:37 EDT" finished-at="2020-06-21T17:34:43 EDT">
          <params>
            <param index="0">
              <value>
                <![CDATA[chrome]]>
              </value>
            </param>
            <param index="1">
              <value>
                <![CDATA[https://www.suntrust.com/]]>
              </value>
            </param>
          </params>
          <reporter-output>
          </reporter-output>
        </test-method> <!-- initialize -->
        <test-method status="PASS" signature="setup()[pri:0, instance:Testcases.HomePageTest@34c4973]" name="setup" is-config="true" duration-ms="0" started-at="2020-06-21T17:34:43 EDT" finished-at="2020-06-21T17:34:43 EDT">
          <reporter-output>
          </reporter-output>
        </test-method> <!-- setup -->
        <test-method status="PASS" signature="checkCNCHoverOptions(java.lang.String, java.lang.String)[pri:0, instance:Testcases.HomePageTest@34c4973]" name="checkCNCHoverOptions" duration-ms="5813" started-at="2020-06-21T17:34:43 EDT" data-provider="getOptionsData" finished-at="2020-06-21T17:34:49 EDT">
          <params>
            <param index="0">
              <value>
                <![CDATA[Multi-Unit Retail]]>
              </value>
            </param>
            <param index="1">
              <value>
                <![CDATA[Multi-Unit Retail Finance | SunTrust Corporate Banking]]>
              </value>
            </param>
          </params>
          <reporter-output>
          </reporter-output>
        </test-method> <!-- checkCNCHoverOptions -->
        <test-method status="PASS" signature="teardown()[pri:0, instance:Testcases.HomePageTest@34c4973]" name="teardown" is-config="true" duration-ms="96" started-at="2020-06-21T17:34:49 EDT" finished-at="2020-06-21T17:34:49 EDT">
          <reporter-output>
          </reporter-output>
        </test-method> <!-- teardown -->
        <test-method status="PASS" signature="initialize(java.lang.String, java.lang.String)[pri:0, instance:Testcases.HomePageTest@34c4973]" name="initialize" is-config="true" duration-ms="5780" started-at="2020-06-21T17:34:49 EDT" finished-at="2020-06-21T17:34:55 EDT">
          <params>
            <param index="0">
              <value>
                <![CDATA[chrome]]>
              </value>
            </param>
            <param index="1">
              <value>
                <![CDATA[https://www.suntrust.com/]]>
              </value>
            </param>
          </params>
          <reporter-output>
          </reporter-output>
        </test-method> <!-- initialize -->
        <test-method status="PASS" signature="setup()[pri:0, instance:Testcases.HomePageTest@34c4973]" name="setup" is-config="true" duration-ms="1" started-at="2020-06-21T17:34:55 EDT" finished-at="2020-06-21T17:34:55 EDT">
          <reporter-output>
          </reporter-output>
        </test-method> <!-- setup -->
        <test-method status="PASS" signature="checkCNCHoverOptions(java.lang.String, java.lang.String)[pri:0, instance:Testcases.HomePageTest@34c4973]" name="checkCNCHoverOptions" duration-ms="5895" started-at="2020-06-21T17:34:55 EDT" data-provider="getOptionsData" finished-at="2020-06-21T17:35:00 EDT">
          <params>
            <param index="0">
              <value>
                <![CDATA[Access your Treasury Account]]>
              </value>
            </param>
            <param index="1">
              <value>
                <![CDATA[Treasury and Payments Solutions]]>
              </value>
            </param>
          </params>
          <reporter-output>
          </reporter-output>
        </test-method> <!-- checkCNCHoverOptions -->
        <test-method status="PASS" signature="teardown()[pri:0, instance:Testcases.HomePageTest@34c4973]" name="teardown" is-config="true" duration-ms="105" started-at="2020-06-21T17:35:00 EDT" finished-at="2020-06-21T17:35:01 EDT">
          <reporter-output>
          </reporter-output>
        </test-method> <!-- teardown -->
      </class> <!-- Testcases.HomePageTest -->
    </test> <!-- Regression Test chrome -->
  </suite> <!-- Regression Suite -->
</testng-results>
